[ 2016-03-17T09:27:14+08:00 ] ::1 /huifu/index.php/
INFO: [ app_init ] --START--
INFO: Run Behavior\BuildLiteBehavior [ RunTime:0.000041s ]
INFO: [ app_init ] --END-- [ RunTime:0.027326s ]
INFO: [ app_begin ] --START--
INFO: Run Behavior\ReadHtmlCacheBehavior [ RunTime:0.002093s ]
INFO: [ app_begin ] --END-- [ RunTime:0.002199s ]
SQL: SHOW COLUMNS FROM `app_advert` [ RunTime:0.0159s ]
SQL: SELECT `id`,`advert_name`,`advert_desc`,`advert_picture`,`advert_url` FROM `app_advert` WHERE `user_id` = '' AND `is_open` = 1 ORDER BY advert_sort  [ RunTime:0.0022s ]
SQL: SHOW COLUMNS FROM `app_column` [ RunTime:0.0178s ]
SQL: SELECT `id`,`parent_id`,`column_title`,`column_name`,`column_desc`,`column_icon`,`column_bgcolor`,`column_custom`,`column_url`,`is_footer` FROM `app_column` WHERE `user_id` = '' AND `is_open` = 1 ORDER BY column_sort asc  [ RunTime:0.0014s ]
INFO: [ view_parse ] --START--
INFO: [ template_filter ] --START--
INFO: Run Behavior\ContentReplaceBehavior [ RunTime:0.029315s ]
INFO: [ template_filter ] --END-- [ RunTime:0.029500s ]
NOTIC: [8] Undefined variable: title D:\xampp\htdocs\huifu\Application\Runtime\Cache\Home\2a94b8bda04ff446dcedd42276fc99ee.php 第 8 行.
INFO: Run Behavior\ParseTemplateBehavior [ RunTime:0.065988s ]
INFO: [ view_parse ] --END-- [ RunTime:0.066186s ]
INFO: [ view_filter ] --START--
INFO: Run Behavior\WriteHtmlCacheBehavior [ RunTime:0.002141s ]
INFO: [ view_filter ] --END-- [ RunTime:0.002243s ]
INFO: [ app_end ] --START--
INFO: Run Behavior\ShowPageTraceBehavior [ RunTime:0.003683s ]
INFO: [ app_end ] --END-- [ RunTime:0.003852s ]

