[ 2016-03-17T09:27:20+08:00 ] ::1 /huifu/index.php/Admin/
INFO: [ app_init ] --START--
INFO: Run Behavior\BuildLiteBehavior [ RunTime:0.000029s ]
INFO: [ app_init ] --END-- [ RunTime:0.001687s ]
INFO: [ app_begin ] --START--
INFO: Run Behavior\ReadHtmlCacheBehavior [ RunTime:0.001918s ]
INFO: [ app_begin ] --END-- [ RunTime:0.002037s ]
NOTIC: [8] Undefined index: user D:\xampp\htdocs\huifu\Application\Admin\Controller\CommonController.class.php 第 6 行.

[ 2016-03-17T09:27:20+08:00 ] ::1 /huifu/index.php/Admin/Public/login.html
INFO: [ app_init ] --START--
INFO: Run Behavior\BuildLiteBehavior [ RunTime:0.000023s ]
INFO: [ app_init ] --END-- [ RunTime:0.001111s ]
INFO: [ app_begin ] --START--
INFO: Run Behavior\ReadHtmlCacheBehavior [ RunTime:0.001295s ]
INFO: [ app_begin ] --END-- [ RunTime:0.001396s ]
INFO: [ view_parse ] --START--
INFO: [ template_filter ] --START--
INFO: Run Behavior\ContentReplaceBehavior [ RunTime:0.000088s ]
INFO: [ template_filter ] --END-- [ RunTime:0.000197s ]
INFO: Run Behavior\ParseTemplateBehavior [ RunTime:0.050630s ]
INFO: [ view_parse ] --END-- [ RunTime:0.050763s ]
INFO: [ view_filter ] --START--
INFO: Run Behavior\WriteHtmlCacheBehavior [ RunTime:0.001404s ]
INFO: [ view_filter ] --END-- [ RunTime:0.001727s ]
INFO: [ app_end ] --START--
INFO: Run Behavior\ShowPageTraceBehavior [ RunTime:0.003064s ]
INFO: [ app_end ] --END-- [ RunTime:0.003387s ]

[ 2016-03-17T09:27:27+08:00 ] ::1 /huifu/index.php/Admin/Public/login.html
INFO: [ app_init ] --START--
INFO: Run Behavior\BuildLiteBehavior [ RunTime:0.000059s ]
INFO: [ app_init ] --END-- [ RunTime:0.002472s ]
INFO: [ app_begin ] --START--
INFO: Run Behavior\ReadHtmlCacheBehavior [ RunTime:0.001269s ]
INFO: [ app_begin ] --END-- [ RunTime:0.001513s ]
SQL: SHOW COLUMNS FROM `app_user` [ RunTime:0.0350s ]
SQL: SELECT * FROM `app_user` WHERE `login_name` = 'huijin' AND `password` = 'e10adc3949ba59abbe56e057f20f883e' LIMIT 1   [ RunTime:0.0022s ]
SQL: UPDATE `app_user` SET `last_login_ip`='0.0.0.0',`login_count`=login_count+1 WHERE `id` = 1 [ RunTime:0.2199s ]
INFO: [ view_parse ] --START--
INFO: [ template_filter ] --START--
INFO: Run Behavior\ContentReplaceBehavior [ RunTime:0.000100s ]
INFO: [ template_filter ] --END-- [ RunTime:0.000201s ]
INFO: Run Behavior\ParseTemplateBehavior [ RunTime:0.026975s ]
INFO: [ view_parse ] --END-- [ RunTime:0.027090s ]
INFO: [ view_filter ] --START--
INFO: Run Behavior\WriteHtmlCacheBehavior [ RunTime:0.000952s ]
INFO: [ view_filter ] --END-- [ RunTime:0.001021s ]
INFO: [ app_end ] --START--
INFO: Run Behavior\ShowPageTraceBehavior [ RunTime:0.001401s ]
INFO: [ app_end ] --END-- [ RunTime:0.001475s ]

[ 2016-03-17T09:27:29+08:00 ] ::1 /huifu/index.php/Admin/Index/index.html
INFO: [ app_init ] --START--
INFO: Run Behavior\BuildLiteBehavior [ RunTime:0.000030s ]
INFO: [ app_init ] --END-- [ RunTime:0.001707s ]
INFO: [ app_begin ] --START--
INFO: Run Behavior\ReadHtmlCacheBehavior [ RunTime:0.001636s ]
INFO: [ app_begin ] --END-- [ RunTime:0.001769s ]
SQL: SHOW COLUMNS FROM `app_role_node` [ RunTime:0.0133s ]
SQL: SELECT DISTINCT  c.id,c.pos,c.title,c.icon,c.module,c.controller,c.action,c.parent_id,c.level,c.display FROM app_role_node a LEFT JOIN app_user b ON a.role_id=b.role_id RIGHT JOIN app_node c ON a.node_id=c.id  WHERE c.status = 1 ORDER BY c.sort  [ RunTime:0.0237s ]
SQL: SHOW COLUMNS FROM `app_node` [ RunTime:0.0399s ]
SQL: SELECT * FROM `app_node` WHERE `controller` = 'Index' AND `action` = 'index' LIMIT 1   [ RunTime:0.0011s ]
SQL: SHOW COLUMNS FROM `app_member` [ RunTime:0.0141s ]
NOTIC: [2] Missing argument 1 for Admin\Model\MemberModel::getMemberList(), called in D:\xampp\htdocs\huifu\Application\Admin\Controller\IndexController.class.php on line 7 and defined D:\xampp\htdocs\huifu\Application\Admin\Model\MemberModel.class.php 第 16 行.
NOTIC: [8] Undefined variable: parent_id D:\xampp\htdocs\huifu\Application\Admin\Model\MemberModel.class.php 第 18 行.
SQL: SELECT COUNT(*) AS tp_count FROM `app_member` WHERE `user_id` = '1' LIMIT 1   [ RunTime:0.0011s ]
SQL: SELECT * FROM `app_member` WHERE `user_id` = '1' ORDER BY create_time desc LIMIT 0,13   [ RunTime:0.0014s ]
SQL: SHOW COLUMNS FROM `app_raise_desc` [ RunTime:0.0111s ]
SQL: SELECT `mid`,sum(money) as money FROM `app_raise_desc` WHERE `mid` IN ('2') GROUP BY mid  [ RunTime:0.0021s ]
INFO: [ view_parse ] --START--
INFO: [ template_filter ] --START--
INFO: Run Behavior\ContentReplaceBehavior [ RunTime:0.000179s ]
INFO: [ template_filter ] --END-- [ RunTime:0.000294s ]
NOTIC: [8] Use of undefined constant sub - assumed 'sub' D:\xampp\htdocs\huifu\Application\Runtime\Cache\Admin\b595b808c2ebeeeb0478ffc30bb4e87a.php 第 61 行.
NOTIC: [8] Use of undefined constant sub - assumed 'sub' D:\xampp\htdocs\huifu\Application\Runtime\Cache\Admin\b595b808c2ebeeeb0478ffc30bb4e87a.php 第 61 行.
NOTIC: [8] Use of undefined constant sub - assumed 'sub' D:\xampp\htdocs\huifu\Application\Runtime\Cache\Admin\b595b808c2ebeeeb0478ffc30bb4e87a.php 第 61 行.
NOTIC: [8] Use of undefined constant sub - assumed 'sub' D:\xampp\htdocs\huifu\Application\Runtime\Cache\Admin\b595b808c2ebeeeb0478ffc30bb4e87a.php 第 61 行.
NOTIC: [8] Use of undefined constant sub - assumed 'sub' D:\xampp\htdocs\huifu\Application\Runtime\Cache\Admin\b595b808c2ebeeeb0478ffc30bb4e87a.php 第 61 行.
NOTIC: [8] Use of undefined constant sub - assumed 'sub' D:\xampp\htdocs\huifu\Application\Runtime\Cache\Admin\b595b808c2ebeeeb0478ffc30bb4e87a.php 第 61 行.
NOTIC: [8] Use of undefined constant sub - assumed 'sub' D:\xampp\htdocs\huifu\Application\Runtime\Cache\Admin\b595b808c2ebeeeb0478ffc30bb4e87a.php 第 61 行.
NOTIC: [8] Use of undefined constant sub - assumed 'sub' D:\xampp\htdocs\huifu\Application\Runtime\Cache\Admin\b595b808c2ebeeeb0478ffc30bb4e87a.php 第 61 行.
NOTIC: [8] Use of undefined constant sub - assumed 'sub' D:\xampp\htdocs\huifu\Application\Runtime\Cache\Admin\b595b808c2ebeeeb0478ffc30bb4e87a.php 第 61 行.
NOTIC: [8] Use of undefined constant sub - assumed 'sub' D:\xampp\htdocs\huifu\Application\Runtime\Cache\Admin\b595b808c2ebeeeb0478ffc30bb4e87a.php 第 61 行.
NOTIC: [8] Use of undefined constant sub - assumed 'sub' D:\xampp\htdocs\huifu\Application\Runtime\Cache\Admin\b595b808c2ebeeeb0478ffc30bb4e87a.php 第 61 行.
NOTIC: [8] Use of undefined constant sub - assumed 'sub' D:\xampp\htdocs\huifu\Application\Runtime\Cache\Admin\b595b808c2ebeeeb0478ffc30bb4e87a.php 第 61 行.
NOTIC: [8] Use of undefined constant sub - assumed 'sub' D:\xampp\htdocs\huifu\Application\Runtime\Cache\Admin\b595b808c2ebeeeb0478ffc30bb4e87a.php 第 61 行.
NOTIC: [8] Use of undefined constant sub - assumed 'sub' D:\xampp\htdocs\huifu\Application\Runtime\Cache\Admin\b595b808c2ebeeeb0478ffc30bb4e87a.php 第 61 行.
NOTIC: [8] Use of undefined constant sub - assumed 'sub' D:\xampp\htdocs\huifu\Application\Runtime\Cache\Admin\b595b808c2ebeeeb0478ffc30bb4e87a.php 第 61 行.
NOTIC: [8] Use of undefined constant sub - assumed 'sub' D:\xampp\htdocs\huifu\Application\Runtime\Cache\Admin\b595b808c2ebeeeb0478ffc30bb4e87a.php 第 61 行.
NOTIC: [8] Use of undefined constant sub - assumed 'sub' D:\xampp\htdocs\huifu\Application\Runtime\Cache\Admin\b595b808c2ebeeeb0478ffc30bb4e87a.php 第 61 行.
NOTIC: [8] Use of undefined constant sub - assumed 'sub' D:\xampp\htdocs\huifu\Application\Runtime\Cache\Admin\b595b808c2ebeeeb0478ffc30bb4e87a.php 第 61 行.
INFO: Run Behavior\ParseTemplateBehavior [ RunTime:0.059783s ]
INFO: [ view_parse ] --END-- [ RunTime:0.059874s ]
INFO: [ view_filter ] --START--
INFO: Run Behavior\WriteHtmlCacheBehavior [ RunTime:0.000843s ]
INFO: [ view_filter ] --END-- [ RunTime:0.000909s ]
INFO: [ app_end ] --START--
INFO: Run Behavior\ShowPageTraceBehavior [ RunTime:0.002069s ]
INFO: [ app_end ] --END-- [ RunTime:0.002187s ]

