[ 2016-03-18T10:18:59+08:00 ] ::1 /huifu/index.php/Admin/
INFO: [ app_init ] --START--
INFO: Run Behavior\BuildLiteBehavior [ RunTime:0.000025s ]
INFO: [ app_init ] --END-- [ RunTime:0.003735s ]
INFO: [ app_begin ] --START--
INFO: Run Behavior\ReadHtmlCacheBehavior [ RunTime:0.001500s ]
INFO: [ app_begin ] --END-- [ RunTime:0.001581s ]
NOTIC: [8] Undefined index: user D:\xampp\htdocs\huifu\Application\Admin\Controller\CommonController.class.php Á¨¨ 6 Ë°å.

[ 2016-03-18T10:19:00+08:00 ] ::1 /huifu/index.php/Admin/Public/login.html
INFO: [ app_init ] --START--
INFO: Run Behavior\BuildLiteBehavior [ RunTime:0.000027s ]
INFO: [ app_init ] --END-- [ RunTime:0.001088s ]
INFO: [ app_begin ] --START--
INFO: Run Behavior\ReadHtmlCacheBehavior [ RunTime:0.001147s ]
INFO: [ app_begin ] --END-- [ RunTime:0.001248s ]
INFO: [ view_parse ] --START--
INFO: [ template_filter ] --START--
INFO: Run Behavior\ContentReplaceBehavior [ RunTime:0.017109s ]
INFO: [ template_filter ] --END-- [ RunTime:0.017227s ]
INFO: Run Behavior\ParseTemplateBehavior [ RunTime:0.077459s ]
INFO: [ view_parse ] --END-- [ RunTime:0.077550s ]
INFO: [ view_filter ] --START--
INFO: Run Behavior\WriteHtmlCacheBehavior [ RunTime:0.001766s ]
INFO: [ view_filter ] --END-- [ RunTime:0.001849s ]
INFO: [ app_end ] --START--
INFO: Run Behavior\ShowPageTraceBehavior [ RunTime:0.002204s ]
INFO: [ app_end ] --END-- [ RunTime:0.002263s ]

[ 2016-03-18T10:19:05+08:00 ] ::1 /huifu/index.php/Admin/Public/login.html
INFO: [ app_init ] --START--
INFO: Run Behavior\BuildLiteBehavior [ RunTime:0.000028s ]
INFO: [ app_init ] --END-- [ RunTime:0.001031s ]
INFO: [ app_begin ] --START--
INFO: Run Behavior\ReadHtmlCacheBehavior [ RunTime:0.001030s ]
INFO: [ app_begin ] --END-- [ RunTime:0.001113s ]
ERR: SQLSTATE[HY000] [1045] Access denied for user 'root'@'localhost' (using password: YES)

[ 2016-03-18T10:43:13+08:00 ] ::1 /huifu/index.php/Admin/Public/login.html
INFO: [ app_init ] --START--
INFO: Run Behavior\BuildLiteBehavior [ RunTime:0.000029s ]
INFO: [ app_init ] --END-- [ RunTime:0.001046s ]
INFO: [ app_begin ] --START--
INFO: Run Behavior\ReadHtmlCacheBehavior [ RunTime:0.001261s ]
INFO: [ app_begin ] --END-- [ RunTime:0.001337s ]
SQL: SHOW COLUMNS FROM `app_user` [ RunTime:0.0380s ]
SQL: SELECT * FROM `app_user` WHERE `login_name` = 'huijin' AND `password` = 'e10adc3949ba59abbe56e057f20f883e' LIMIT 1   [ RunTime:0.0023s ]
SQL: UPDATE `app_user` SET `last_login_ip`='0.0.0.0',`login_count`=login_count+1 WHERE `id` = 1 [ RunTime:0.0678s ]
INFO: [ view_parse ] --START--
INFO: [ template_filter ] --START--
INFO: Run Behavior\ContentReplaceBehavior [ RunTime:0.000123s ]
INFO: [ template_filter ] --END-- [ RunTime:0.000365s ]
INFO: Run Behavior\ParseTemplateBehavior [ RunTime:0.045815s ]
INFO: [ view_parse ] --END-- [ RunTime:0.045907s ]
INFO: [ view_filter ] --START--
INFO: Run Behavior\WriteHtmlCacheBehavior [ RunTime:0.000867s ]
INFO: [ view_filter ] --END-- [ RunTime:0.000921s ]
INFO: [ app_end ] --START--
INFO: Run Behavior\ShowPageTraceBehavior [ RunTime:0.001113s ]
INFO: [ app_end ] --END-- [ RunTime:0.001175s ]

[ 2016-03-18T10:43:14+08:00 ] ::1 /huifu/index.php/Admin/Index/index.html
INFO: [ app_init ] --START--
INFO: Run Behavior\BuildLiteBehavior [ RunTime:0.000017s ]
INFO: [ app_init ] --END-- [ RunTime:0.000822s ]
INFO: [ app_begin ] --START--
INFO: Run Behavior\ReadHtmlCacheBehavior [ RunTime:0.001019s ]
INFO: [ app_begin ] --END-- [ RunTime:0.001080s ]
SQL: SHOW COLUMNS FROM `app_role_node` [ RunTime:0.0167s ]
SQL: SELECT DISTINCT  c.id,c.pos,c.title,c.icon,c.module,c.controller,c.action,c.parent_id,c.level,c.display FROM app_role_node a LEFT JOIN app_user b ON a.role_id=b.role_id RIGHT JOIN app_node c ON a.node_id=c.id  WHERE c.status = 1 ORDER BY c.sort  [ RunTime:0.0297s ]
SQL: SHOW COLUMNS FROM `app_node` [ RunTime:0.0127s ]
SQL: SELECT * FROM `app_node` WHERE `controller` = 'Index' AND `action` = 'index' LIMIT 1   [ RunTime:0.0008s ]
SQL: SHOW COLUMNS FROM `app_member` [ RunTime:0.0105s ]
NOTIC: [2] Missing argument 1 for Admin\Model\MemberModel::getMemberList(), called in D:\xampp\htdocs\huifu\Application\Admin\Controller\IndexController.class.php on line 7 and defined D:\xampp\htdocs\huifu\Application\Admin\Model\MemberModel.class.php Á¨¨ 16 Ë°å.
NOTIC: [8] Undefined variable: parent_id D:\xampp\htdocs\huifu\Application\Admin\Model\MemberModel.class.php Á¨¨ 18 Ë°å.
SQL: SELECT COUNT(*) AS tp_count FROM `app_member` WHERE `user_id` = '1' LIMIT 1   [ RunTime:0.0011s ]
SQL: SELECT * FROM `app_member` WHERE `user_id` = '1' ORDER BY create_time desc LIMIT 0,13   [ RunTime:0.0010s ]
SQL: SHOW COLUMNS FROM `app_raise_desc` [ RunTime:0.0433s ]
SQL: SELECT `mid`,sum(money) as money FROM `app_raise_desc` WHERE `mid` IN ('2') GROUP BY mid  [ RunTime:0.0016s ]
INFO: [ view_parse ] --START--
INFO: [ template_filter ] --START--
INFO: Run Behavior\ContentReplaceBehavior [ RunTime:0.000135s ]
INFO: [ template_filter ] --END-- [ RunTime:0.000210s ]
NOTIC: [8] Use of undefined constant sub - assumed 'sub' D:\xampp\htdocs\huifu\Application\Runtime\Cache\Admin\b595b808c2ebeeeb0478ffc30bb4e87a.php Á¨¨ 61 Ë°å.
NOTIC: [8] Use of undefined constant sub - assumed 'sub' D:\xampp\htdocs\huifu\Application\Runtime\Cache\Admin\b595b808c2ebeeeb0478ffc30bb4e87a.php Á¨¨ 61 Ë°å.
NOTIC: [8] Use of undefined constant sub - assumed 'sub' D:\xampp\htdocs\huifu\Application\Runtime\Cache\Admin\b595b808c2ebeeeb0478ffc30bb4e87a.php Á¨¨ 61 Ë°å.
NOTIC: [8] Use of undefined constant sub - assumed 'sub' D:\xampp\htdocs\huifu\Application\Runtime\Cache\Admin\b595b808c2ebeeeb0478ffc30bb4e87a.php Á¨¨ 61 Ë°å.
NOTIC: [8] Use of undefined constant sub - assumed 'sub' D:\xampp\htdocs\huifu\Application\Runtime\Cache\Admin\b595b808c2ebeeeb0478ffc30bb4e87a.php Á¨¨ 61 Ë°å.
NOTIC: [8] Use of undefined constant sub - assumed 'sub' D:\xampp\htdocs\huifu\Application\Runtime\Cache\Admin\b595b808c2ebeeeb0478ffc30bb4e87a.php Á¨¨ 61 Ë°å.
NOTIC: [8] Use of undefined constant sub - assumed 'sub' D:\xampp\htdocs\huifu\Application\Runtime\Cache\Admin\b595b808c2ebeeeb0478ffc30bb4e87a.php Á¨¨ 61 Ë°å.
NOTIC: [8] Use of undefined constant sub - assumed 'sub' D:\xampp\htdocs\huifu\Application\Runtime\Cache\Admin\b595b808c2ebeeeb0478ffc30bb4e87a.php Á¨¨ 61 Ë°å.
NOTIC: [8] Use of undefined constant sub - assumed 'sub' D:\xampp\htdocs\huifu\Application\Runtime\Cache\Admin\b595b808c2ebeeeb0478ffc30bb4e87a.php Á¨¨ 61 Ë°å.
NOTIC: [8] Use of undefined constant sub - assumed 'sub' D:\xampp\htdocs\huifu\Application\Runtime\Cache\Admin\b595b808c2ebeeeb0478ffc30bb4e87a.php Á¨¨ 61 Ë°å.
NOTIC: [8] Use of undefined constant sub - assumed 'sub' D:\xampp\htdocs\huifu\Application\Runtime\Cache\Admin\b595b808c2ebeeeb0478ffc30bb4e87a.php Á¨¨ 61 Ë°å.
NOTIC: [8] Use of undefined constant sub - assumed 'sub' D:\xampp\htdocs\huifu\Application\Runtime\Cache\Admin\b595b808c2ebeeeb0478ffc30bb4e87a.php Á¨¨ 61 Ë°å.
NOTIC: [8] Use of undefined constant sub - assumed 'sub' D:\xampp\htdocs\huifu\Application\Runtime\Cache\Admin\b595b808c2ebeeeb0478ffc30bb4e87a.php Á¨¨ 61 Ë°å.
NOTIC: [8] Use of undefined constant sub - assumed 'sub' D:\xampp\htdocs\huifu\Application\Runtime\Cache\Admin\b595b808c2ebeeeb0478ffc30bb4e87a.php Á¨¨ 61 Ë°å.
NOTIC: [8] Use of undefined constant sub - assumed 'sub' D:\xampp\htdocs\huifu\Application\Runtime\Cache\Admin\b595b808c2ebeeeb0478ffc30bb4e87a.php Á¨¨ 61 Ë°å.
NOTIC: [8] Use of undefined constant sub - assumed 'sub' D:\xampp\htdocs\huifu\Application\Runtime\Cache\Admin\b595b808c2ebeeeb0478ffc30bb4e87a.php Á¨¨ 61 Ë°å.
NOTIC: [8] Use of undefined constant sub - assumed 'sub' D:\xampp\htdocs\huifu\Application\Runtime\Cache\Admin\b595b808c2ebeeeb0478ffc30bb4e87a.php Á¨¨ 61 Ë°å.
NOTIC: [8] Use of undefined constant sub - assumed 'sub' D:\xampp\htdocs\huifu\Application\Runtime\Cache\Admin\b595b808c2ebeeeb0478ffc30bb4e87a.php Á¨¨ 61 Ë°å.
INFO: Run Behavior\ParseTemplateBehavior [ RunTime:0.087402s ]
INFO: [ view_parse ] --END-- [ RunTime:0.087473s ]
INFO: [ view_filter ] --START--
INFO: Run Behavior\WriteHtmlCacheBehavior [ RunTime:0.000701s ]
INFO: [ view_filter ] --END-- [ RunTime:0.000755s ]
INFO: [ app_end ] --START--
INFO: Run Behavior\ShowPageTraceBehavior [ RunTime:0.001075s ]
INFO: [ app_end ] --END-- [ RunTime:0.001142s ]

[ 2016-03-18T12:02:48+08:00 ] ::1 /huifu/index.php/Admin/Node/index.html
INFO: [ app_init ] --START--
INFO: Run Behavior\BuildLiteBehavior [ RunTime:0.000028s ]
INFO: [ app_init ] --END-- [ RunTime:0.026949s ]
INFO: [ app_begin ] --START--
INFO: Run Behavior\ReadHtmlCacheBehavior [ RunTime:0.003440s ]
INFO: [ app_begin ] --END-- [ RunTime:0.003581s ]
ERR: SQLSTATE[HY000] [1045] Access denied for user 'root'@'localhost' (using password: YES)

[ 2016-03-18T12:02:53+08:00 ] ::1 /huifu/index.php/Admin/Node/index.html
INFO: [ app_init ] --START--
INFO: Run Behavior\BuildLiteBehavior [ RunTime:0.000016s ]
INFO: [ app_init ] --END-- [ RunTime:0.000821s ]
INFO: [ app_begin ] --START--
INFO: Run Behavior\ReadHtmlCacheBehavior [ RunTime:0.001700s ]
INFO: [ app_begin ] --END-- [ RunTime:0.001811s ]
ERR: SQLSTATE[HY000] [1045] Access denied for user 'root'@'localhost' (using password: YES)

[ 2016-03-18T12:04:18+08:00 ] ::1 /huifu/index.php/Admin/Node/index.html
INFO: [ app_init ] --START--
INFO: Run Behavior\BuildLiteBehavior [ RunTime:0.000024s ]
INFO: [ app_init ] --END-- [ RunTime:0.001170s ]
INFO: [ app_begin ] --START--
INFO: Run Behavior\ReadHtmlCacheBehavior [ RunTime:0.001039s ]
INFO: [ app_begin ] --END-- [ RunTime:0.001099s ]
ERR: SQLSTATE[HY000] [1045] Access denied for user 'root'@'localhost' (using password: YES)

[ 2016-03-18T12:04:36+08:00 ] ::1 /huifu/index.php/Admin/Node/index.html
INFO: [ app_init ] --START--
INFO: Run Behavior\BuildLiteBehavior [ RunTime:0.000019s ]
INFO: [ app_init ] --END-- [ RunTime:0.001117s ]
INFO: [ app_begin ] --START--
INFO: Run Behavior\ReadHtmlCacheBehavior [ RunTime:0.001324s ]
INFO: [ app_begin ] --END-- [ RunTime:0.001394s ]
ERR: SQLSTATE[HY000] [2002] ”…”⁄ƒø±Íº∆À„ª˙ª˝º´æ‹æ¯£¨Œﬁ∑®¡¨Ω”°£


[ 2016-03-18T12:09:31+08:00 ] ::1 /huifu/index.php/Admin/Node/index.html
INFO: [ app_init ] --START--
INFO: Run Behavior\BuildLiteBehavior [ RunTime:0.000029s ]
INFO: [ app_init ] --END-- [ RunTime:0.001135s ]
INFO: [ app_begin ] --START--
INFO: Run Behavior\ReadHtmlCacheBehavior [ RunTime:0.001213s ]
INFO: [ app_begin ] --END-- [ RunTime:0.001279s ]
ERR: SQLSTATE[HY000] [1045] Access denied for user 'root'@'localhost' (using password: YES)

[ 2016-03-18T12:13:10+08:00 ] ::1 /huifu/index.php/Admin/Node/index.html
INFO: [ app_init ] --START--
INFO: Run Behavior\BuildLiteBehavior [ RunTime:0.000020s ]
INFO: [ app_init ] --END-- [ RunTime:0.001299s ]
INFO: [ app_begin ] --START--
INFO: Run Behavior\ReadHtmlCacheBehavior [ RunTime:0.001554s ]
INFO: [ app_begin ] --END-- [ RunTime:0.001647s ]
SQL: SHOW COLUMNS FROM `app_role_node` [ RunTime:0.1195s ]
SQL: SELECT DISTINCT  c.id,c.pos,c.title,c.icon,c.module,c.controller,c.action,c.parent_id,c.level,c.display FROM app_role_node a LEFT JOIN app_user b ON a.role_id=b.role_id RIGHT JOIN app_node c ON a.node_id=c.id  WHERE c.status = 1 ORDER BY c.sort  [ RunTime:0.1458s ]
SQL: SHOW COLUMNS FROM `app_node` [ RunTime:0.0156s ]
SQL: SELECT * FROM `app_node` WHERE `controller` = 'Node' AND `action` = 'index' LIMIT 1   [ RunTime:0.0010s ]
SQL: SELECT * FROM `app_node` WHERE `id` > 0 ORDER BY sort  [ RunTime:0.0024s ]
INFO: [ view_parse ] --START--
INFO: [ template_filter ] --START--
INFO: Run Behavior\ContentReplaceBehavior [ RunTime:0.025866s ]
INFO: [ template_filter ] --END-- [ RunTime:0.026035s ]
NOTIC: [8] Use of undefined constant sub - assumed 'sub' D:\xampp\htdocs\huifu\Application\Runtime\Cache\Admin\3b413a7ffc5043a6cb35ecf769ae0bb3.php Á¨¨ 61 Ë°å.
NOTIC: [8] Use of undefined constant sub - assumed 'sub' D:\xampp\htdocs\huifu\Application\Runtime\Cache\Admin\3b413a7ffc5043a6cb35ecf769ae0bb3.php Á¨¨ 61 Ë°å.
NOTIC: [8] Use of undefined constant sub - assumed 'sub' D:\xampp\htdocs\huifu\Application\Runtime\Cache\Admin\3b413a7ffc5043a6cb35ecf769ae0bb3.php Á¨¨ 61 Ë°å.
NOTIC: [8] Use of undefined constant sub - assumed 'sub' D:\xampp\htdocs\huifu\Application\Runtime\Cache\Admin\3b413a7ffc5043a6cb35ecf769ae0bb3.php Á¨¨ 61 Ë°å.
NOTIC: [8] Use of undefined constant sub - assumed 'sub' D:\xampp\htdocs\huifu\Application\Runtime\Cache\Admin\3b413a7ffc5043a6cb35ecf769ae0bb3.php Á¨¨ 61 Ë°å.
NOTIC: [8] Use of undefined constant sub - assumed 'sub' D:\xampp\htdocs\huifu\Application\Runtime\Cache\Admin\3b413a7ffc5043a6cb35ecf769ae0bb3.php Á¨¨ 61 Ë°å.
NOTIC: [8] Use of undefined constant sub - assumed 'sub' D:\xampp\htdocs\huifu\Application\Runtime\Cache\Admin\3b413a7ffc5043a6cb35ecf769ae0bb3.php Á¨¨ 61 Ë°å.
NOTIC: [8] Use of undefined constant sub - assumed 'sub' D:\xampp\htdocs\huifu\Application\Runtime\Cache\Admin\3b413a7ffc5043a6cb35ecf769ae0bb3.php Á¨¨ 61 Ë°å.
NOTIC: [8] Use of undefined constant sub - assumed 'sub' D:\xampp\htdocs\huifu\Application\Runtime\Cache\Admin\3b413a7ffc5043a6cb35ecf769ae0bb3.php Á¨¨ 61 Ë°å.
NOTIC: [8] Use of undefined constant sub - assumed 'sub' D:\xampp\htdocs\huifu\Application\Runtime\Cache\Admin\3b413a7ffc5043a6cb35ecf769ae0bb3.php Á¨¨ 61 Ë°å.
NOTIC: [8] Use of undefined constant sub - assumed 'sub' D:\xampp\htdocs\huifu\Application\Runtime\Cache\Admin\3b413a7ffc5043a6cb35ecf769ae0bb3.php Á¨¨ 61 Ë°å.
NOTIC: [8] Use of undefined constant sub - assumed 'sub' D:\xampp\htdocs\huifu\Application\Runtime\Cache\Admin\3b413a7ffc5043a6cb35ecf769ae0bb3.php Á¨¨ 61 Ë°å.
NOTIC: [8] Use of undefined constant sub - assumed 'sub' D:\xampp\htdocs\huifu\Application\Runtime\Cache\Admin\3b413a7ffc5043a6cb35ecf769ae0bb3.php Á¨¨ 61 Ë°å.
NOTIC: [8] Use of undefined constant sub - assumed 'sub' D:\xampp\htdocs\huifu\Application\Runtime\Cache\Admin\3b413a7ffc5043a6cb35ecf769ae0bb3.php Á¨¨ 61 Ë°å.
NOTIC: [8] Use of undefined constant sub - assumed 'sub' D:\xampp\htdocs\huifu\Application\Runtime\Cache\Admin\3b413a7ffc5043a6cb35ecf769ae0bb3.php Á¨¨ 61 Ë°å.
NOTIC: [8] Use of undefined constant sub - assumed 'sub' D:\xampp\htdocs\huifu\Application\Runtime\Cache\Admin\3b413a7ffc5043a6cb35ecf769ae0bb3.php Á¨¨ 61 Ë°å.
NOTIC: [8] Use of undefined constant sub - assumed 'sub' D:\xampp\htdocs\huifu\Application\Runtime\Cache\Admin\3b413a7ffc5043a6cb35ecf769ae0bb3.php Á¨¨ 61 Ë°å.
NOTIC: [8] Use of undefined constant sub - assumed 'sub' D:\xampp\htdocs\huifu\Application\Runtime\Cache\Admin\3b413a7ffc5043a6cb35ecf769ae0bb3.php Á¨¨ 61 Ë°å.
NOTIC: [8] Use of undefined constant sub - assumed 'sub' D:\xampp\htdocs\huifu\Application\Runtime\Cache\Admin\3b413a7ffc5043a6cb35ecf769ae0bb3.php Á¨¨ 93 Ë°å.
NOTIC: [8] Use of undefined constant sub - assumed 'sub' D:\xampp\htdocs\huifu\Application\Runtime\Cache\Admin\3b413a7ffc5043a6cb35ecf769ae0bb3.php Á¨¨ 105 Ë°å.
NOTIC: [8] Use of undefined constant sub - assumed 'sub' D:\xampp\htdocs\huifu\Application\Runtime\Cache\Admin\3b413a7ffc5043a6cb35ecf769ae0bb3.php Á¨¨ 105 Ë°å.
NOTIC: [8] Use of undefined constant sub - assumed 'sub' D:\xampp\htdocs\huifu\Application\Runtime\Cache\Admin\3b413a7ffc5043a6cb35ecf769ae0bb3.php Á¨¨ 108 Ë°å.
NOTIC: [8] Undefined index: sub D:\xampp\htdocs\huifu\Application\Runtime\Cache\Admin\3b413a7ffc5043a6cb35ecf769ae0bb3.php Á¨¨ 108 Ë°å.
NOTIC: [8] Use of undefined constant sub - assumed 'sub' D:\xampp\htdocs\huifu\Application\Runtime\Cache\Admin\3b413a7ffc5043a6cb35ecf769ae0bb3.php Á¨¨ 120 Ë°å.
NOTIC: [8] Undefined index: sub D:\xampp\htdocs\huifu\Application\Runtime\Cache\Admin\3b413a7ffc5043a6cb35ecf769ae0bb3.php Á¨¨ 120 Ë°å.
NOTIC: [8] Use of undefined constant sub - assumed 'sub' D:\xampp\htdocs\huifu\Application\Runtime\Cache\Admin\3b413a7ffc5043a6cb35ecf769ae0bb3.php Á¨¨ 108 Ë°å.
NOTIC: [8] Undefined index: sub D:\xampp\htdocs\huifu\Application\Runtime\Cache\Admin\3b413a7ffc5043a6cb35ecf769ae0bb3.php Á¨¨ 108 Ë°å.
NOTIC: [8] Use of undefined constant sub - assumed 'sub' D:\xampp\htdocs\huifu\Application\Runtime\Cache\Admin\3b413a7ffc5043a6cb35ecf769ae0bb3.php Á¨¨ 120 Ë°å.
NOTIC: [8] Undefined index: sub D:\xampp\htdocs\huifu\Application\Runtime\Cache\Admin\3b413a7ffc5043a6cb35ecf769ae0bb3.php Á¨¨ 120 Ë°å.
NOTIC: [8] Use of undefined constant sub - assumed 'sub' D:\xampp\htdocs\huifu\Application\Runtime\Cache\Admin\3b413a7ffc5043a6cb35ecf769ae0bb3.php Á¨¨ 108 Ë°å.
NOTIC: [8] Undefined index: sub D:\xampp\htdocs\huifu\Application\Runtime\Cache\Admin\3b413a7ffc5043a6cb35ecf769ae0bb3.php Á¨¨ 108 Ë°å.
NOTIC: [8] Use of undefined constant sub - assumed 'sub' D:\xampp\htdocs\huifu\Application\Runtime\Cache\Admin\3b413a7ffc5043a6cb35ecf769ae0bb3.php Á¨¨ 120 Ë°å.
NOTIC: [8] Undefined index: sub D:\xampp\htdocs\huifu\Application\Runtime\Cache\Admin\3b413a7ffc5043a6cb35ecf769ae0bb3.php Á¨¨ 120 Ë°å.
NOTIC: [8] Use of undefined constant sub - assumed 'sub' D:\xampp\htdocs\huifu\Application\Runtime\Cache\Admin\3b413a7ffc5043a6cb35ecf769ae0bb3.php Á¨¨ 93 Ë°å.
NOTIC: [8] Use of undefined constant sub - assumed 'sub' D:\xampp\htdocs\huifu\Application\Runtime\Cache\Admin\3b413a7ffc5043a6cb35ecf769ae0bb3.php Á¨¨ 105 Ë°å.
NOTIC: [8] Use of undefined constant sub - assumed 'sub' D:\xampp\htdocs\huifu\Application\Runtime\Cache\Admin\3b413a7ffc5043a6cb35ecf769ae0bb3.php Á¨¨ 105 Ë°å.
NOTIC: [8] Use of undefined constant sub - assumed 'sub' D:\xampp\htdocs\huifu\Application\Runtime\Cache\Admin\3b413a7ffc5043a6cb35ecf769ae0bb3.php Á¨¨ 108 Ë°å.
NOTIC: [8] Undefined index: sub D:\xampp\htdocs\huifu\Application\Runtime\Cache\Admin\3b413a7ffc5043a6cb35ecf769ae0bb3.php Á¨¨ 108 Ë°å.
NOTIC: [8] Use of undefined constant sub - assumed 'sub' D:\xampp\htdocs\huifu\Application\Runtime\Cache\Admin\3b413a7ffc5043a6cb35ecf769ae0bb3.php Á¨¨ 120 Ë°å.
NOTIC: [8] Undefined index: sub D:\xampp\htdocs\huifu\Application\Runtime\Cache\Admin\3b413a7ffc5043a6cb35ecf769ae0bb3.php Á¨¨ 120 Ë°å.
NOTIC: [8] Use of undefined constant sub - assumed 'sub' D:\xampp\htdocs\huifu\Application\Runtime\Cache\Admin\3b413a7ffc5043a6cb35ecf769ae0bb3.php Á¨¨ 108 Ë°å.
NOTIC: [8] Undefined index: sub D:\xampp\htdocs\huifu\Application\Runtime\Cache\Admin\3b413a7ffc5043a6cb35ecf769ae0bb3.php Á¨¨ 108 Ë°å.
NOTIC: [8] Use of undefined constant sub - assumed 'sub' D:\xampp\htdocs\huifu\Application\Runtime\Cache\Admin\3b413a7ffc5043a6cb35ecf769ae0bb3.php Á¨¨ 120 Ë°å.
NOTIC: [8] Undefined index: sub D:\xampp\htdocs\huifu\Application\Runtime\Cache\Admin\3b413a7ffc5043a6cb35ecf769ae0bb3.php Á¨¨ 120 Ë°å.
NOTIC: [8] Use of undefined constant sub - assumed 'sub' D:\xampp\htdocs\huifu\Application\Runtime\Cache\Admin\3b413a7ffc5043a6cb35ecf769ae0bb3.php Á¨¨ 108 Ë°å.
NOTIC: [8] Undefined index: sub D:\xampp\htdocs\huifu\Application\Runtime\Cache\Admin\3b413a7ffc5043a6cb35ecf769ae0bb3.php Á¨¨ 108 Ë°å.
NOTIC: [8] Use of undefined constant sub - assumed 'sub' D:\xampp\htdocs\huifu\Application\Runtime\Cache\Admin\3b413a7ffc5043a6cb35ecf769ae0bb3.php Á¨¨ 120 Ë°å.
NOTIC: [8] Undefined index: sub D:\xampp\htdocs\huifu\Application\Runtime\Cache\Admin\3b413a7ffc5043a6cb35ecf769ae0bb3.php Á¨¨ 120 Ë°å.
NOTIC: [8] Use of undefined constant sub - assumed 'sub' D:\xampp\htdocs\huifu\Application\Runtime\Cache\Admin\3b413a7ffc5043a6cb35ecf769ae0bb3.php Á¨¨ 93 Ë°å.
NOTIC: [8] Use of undefined constant sub - assumed 'sub' D:\xampp\htdocs\huifu\Application\Runtime\Cache\Admin\3b413a7ffc5043a6cb35ecf769ae0bb3.php Á¨¨ 105 Ë°å.
NOTIC: [8] Use of undefined constant sub - assumed 'sub' D:\xampp\htdocs\huifu\Application\Runtime\Cache\Admin\3b413a7ffc5043a6cb35ecf769ae0bb3.php Á¨¨ 105 Ë°å.
NOTIC: [8] Use of undefined constant sub - assumed 'sub' D:\xampp\htdocs\huifu\Application\Runtime\Cache\Admin\3b413a7ffc5043a6cb35ecf769ae0bb3.php Á¨¨ 108 Ë°å.
NOTIC: [8] Undefined index: sub D:\xampp\htdocs\huifu\Application\Runtime\Cache\Admin\3b413a7ffc5043a6cb35ecf769ae0bb3.php Á¨¨ 108 Ë°å.
NOTIC: [8] Use of undefined constant sub - assumed 'sub' D:\xampp\htdocs\huifu\Application\Runtime\Cache\Admin\3b413a7ffc5043a6cb35ecf769ae0bb3.php Á¨¨ 120 Ë°å.
NOTIC: [8] Undefined index: sub D:\xampp\htdocs\huifu\Application\Runtime\Cache\Admin\3b413a7ffc5043a6cb35ecf769ae0bb3.php Á¨¨ 120 Ë°å.
NOTIC: [8] Use of undefined constant sub - assumed 'sub' D:\xampp\htdocs\huifu\Application\Runtime\Cache\Admin\3b413a7ffc5043a6cb35ecf769ae0bb3.php Á¨¨ 108 Ë°å.
NOTIC: [8] Undefined index: sub D:\xampp\htdocs\huifu\Application\Runtime\Cache\Admin\3b413a7ffc5043a6cb35ecf769ae0bb3.php Á¨¨ 108 Ë°å.
NOTIC: [8] Use of undefined constant sub - assumed 'sub' D:\xampp\htdocs\huifu\Application\Runtime\Cache\Admin\3b413a7ffc5043a6cb35ecf769ae0bb3.php Á¨¨ 120 Ë°å.
NOTIC: [8] Undefined index: sub D:\xampp\htdocs\huifu\Application\Runtime\Cache\Admin\3b413a7ffc5043a6cb35ecf769ae0bb3.php Á¨¨ 120 Ë°å.
NOTIC: [8] Use of undefined constant sub - assumed 'sub' D:\xampp\htdocs\huifu\Application\Runtime\Cache\Admin\3b413a7ffc5043a6cb35ecf769ae0bb3.php Á¨¨ 108 Ë°å.
NOTIC: [8] Undefined index: sub D:\xampp\htdocs\huifu\Application\Runtime\Cache\Admin\3b413a7ffc5043a6cb35ecf769ae0bb3.php Á¨¨ 108 Ë°å.
NOTIC: [8] Use of undefined constant sub - assumed 'sub' D:\xampp\htdocs\huifu\Application\Runtime\Cache\Admin\3b413a7ffc5043a6cb35ecf769ae0bb3.php Á¨¨ 120 Ë°å.
NOTIC: [8] Undefined index: sub D:\xampp\htdocs\huifu\Application\Runtime\Cache\Admin\3b413a7ffc5043a6cb35ecf769ae0bb3.php Á¨¨ 120 Ë°å.
NOTIC: [8] Use of undefined constant sub - assumed 'sub' D:\xampp\htdocs\huifu\Application\Runtime\Cache\Admin\3b413a7ffc5043a6cb35ecf769ae0bb3.php Á¨¨ 93 Ë°å.
NOTIC: [8] Use of undefined constant sub - assumed 'sub' D:\xampp\htdocs\huifu\Application\Runtime\Cache\Admin\3b413a7ffc5043a6cb35ecf769ae0bb3.php Á¨¨ 105 Ë°å.
NOTIC: [8] Use of undefined constant sub - assumed 'sub' D:\xampp\htdocs\huifu\Application\Runtime\Cache\Admin\3b413a7ffc5043a6cb35ecf769ae0bb3.php Á¨¨ 105 Ë°å.
NOTIC: [8] Use of undefined constant sub - assumed 'sub' D:\xampp\htdocs\huifu\Application\Runtime\Cache\Admin\3b413a7ffc5043a6cb35ecf769ae0bb3.php Á¨¨ 108 Ë°å.
NOTIC: [8] Undefined index: sub D:\xampp\htdocs\huifu\Application\Runtime\Cache\Admin\3b413a7ffc5043a6cb35ecf769ae0bb3.php Á¨¨ 108 Ë°å.
NOTIC: [8] Use of undefined constant sub - assumed 'sub' D:\xampp\htdocs\huifu\Application\Runtime\Cache\Admin\3b413a7ffc5043a6cb35ecf769ae0bb3.php Á¨¨ 120 Ë°å.
NOTIC: [8] Undefined index: sub D:\xampp\htdocs\huifu\Application\Runtime\Cache\Admin\3b413a7ffc5043a6cb35ecf769ae0bb3.php Á¨¨ 120 Ë°å.
NOTIC: [8] Use of undefined constant sub - assumed 'sub' D:\xampp\htdocs\huifu\Application\Runtime\Cache\Admin\3b413a7ffc5043a6cb35ecf769ae0bb3.php Á¨¨ 108 Ë°å.
NOTIC: [8] Undefined index: sub D:\xampp\htdocs\huifu\Application\Runtime\Cache\Admin\3b413a7ffc5043a6cb35ecf769ae0bb3.php Á¨¨ 108 Ë°å.
NOTIC: [8] Use of undefined constant sub - assumed 'sub' D:\xampp\htdocs\huifu\Application\Runtime\Cache\Admin\3b413a7ffc5043a6cb35ecf769ae0bb3.php Á¨¨ 120 Ë°å.
NOTIC: [8] Undefined index: sub D:\xampp\htdocs\huifu\Application\Runtime\Cache\Admin\3b413a7ffc5043a6cb35ecf769ae0bb3.php Á¨¨ 120 Ë°å.
NOTIC: [8] Use of undefined constant sub - assumed 'sub' D:\xampp\htdocs\huifu\Application\Runtime\Cache\Admin\3b413a7ffc5043a6cb35ecf769ae0bb3.php Á¨¨ 108 Ë°å.
NOTIC: [8] Undefined index: sub D:\xampp\htdocs\huifu\Application\Runtime\Cache\Admin\3b413a7ffc5043a6cb35ecf769ae0bb3.php Á¨¨ 108 Ë°å.
NOTIC: [8] Use of undefined constant sub - assumed 'sub' D:\xampp\htdocs\huifu\Application\Runtime\Cache\Admin\3b413a7ffc5043a6cb35ecf769ae0bb3.php Á¨¨ 120 Ë°å.
NOTIC: [8] Undefined index: sub D:\xampp\htdocs\huifu\Application\Runtime\Cache\Admin\3b413a7ffc5043a6cb35ecf769ae0bb3.php Á¨¨ 120 Ë°å.
NOTIC: [8] Use of undefined constant sub - assumed 'sub' D:\xampp\htdocs\huifu\Application\Runtime\Cache\Admin\3b413a7ffc5043a6cb35ecf769ae0bb3.php Á¨¨ 93 Ë°å.
NOTIC: [8] Use of undefined constant sub - assumed 'sub' D:\xampp\htdocs\huifu\Application\Runtime\Cache\Admin\3b413a7ffc5043a6cb35ecf769ae0bb3.php Á¨¨ 105 Ë°å.
NOTIC: [8] Use of undefined constant sub - assumed 'sub' D:\xampp\htdocs\huifu\Application\Runtime\Cache\Admin\3b413a7ffc5043a6cb35ecf769ae0bb3.php Á¨¨ 105 Ë°å.
NOTIC: [8] Use of undefined constant sub - assumed 'sub' D:\xampp\htdocs\huifu\Application\Runtime\Cache\Admin\3b413a7ffc5043a6cb35ecf769ae0bb3.php Á¨¨ 108 Ë°å.
NOTIC: [8] Undefined index: sub D:\xampp\htdocs\huifu\Application\Runtime\Cache\Admin\3b413a7ffc5043a6cb35ecf769ae0bb3.php Á¨¨ 108 Ë°å.
NOTIC: [8] Use of undefined constant sub - assumed 'sub' D:\xampp\htdocs\huifu\Application\Runtime\Cache\Admin\3b413a7ffc5043a6cb35ecf769ae0bb3.php Á¨¨ 120 Ë°å.
NOTIC: [8] Undefined index: sub D:\xampp\htdocs\huifu\Application\Runtime\Cache\Admin\3b413a7ffc5043a6cb35ecf769ae0bb3.php Á¨¨ 120 Ë°å.
NOTIC: [8] Use of undefined constant sub - assumed 'sub' D:\xampp\htdocs\huifu\Application\Runtime\Cache\Admin\3b413a7ffc5043a6cb35ecf769ae0bb3.php Á¨¨ 108 Ë°å.
NOTIC: [8] Undefined index: sub D:\xampp\htdocs\huifu\Application\Runtime\Cache\Admin\3b413a7ffc5043a6cb35ecf769ae0bb3.php Á¨¨ 108 Ë°å.
NOTIC: [8] Use of undefined constant sub - assumed 'sub' D:\xampp\htdocs\huifu\Application\Runtime\Cache\Admin\3b413a7ffc5043a6cb35ecf769ae0bb3.php Á¨¨ 120 Ë°å.
NOTIC: [8] Undefined index: sub D:\xampp\htdocs\huifu\Application\Runtime\Cache\Admin\3b413a7ffc5043a6cb35ecf769ae0bb3.php Á¨¨ 120 Ë°å.
NOTIC: [8] Use of undefined constant sub - assumed 'sub' D:\xampp\htdocs\huifu\Application\Runtime\Cache\Admin\3b413a7ffc5043a6cb35ecf769ae0bb3.php Á¨¨ 108 Ë°å.
NOTIC: [8] Undefined index: sub D:\xampp\htdocs\huifu\Application\Runtime\Cache\Admin\3b413a7ffc5043a6cb35ecf769ae0bb3.php Á¨¨ 108 Ë°å.
NOTIC: [8] Use of undefined constant sub - assumed 'sub' D:\xampp\htdocs\huifu\Application\Runtime\Cache\Admin\3b413a7ffc5043a6cb35ecf769ae0bb3.php Á¨¨ 120 Ë°å.
NOTIC: [8] Undefined index: sub D:\xampp\htdocs\huifu\Application\Runtime\Cache\Admin\3b413a7ffc5043a6cb35ecf769ae0bb3.php Á¨¨ 120 Ë°å.
NOTIC: [8] Use of undefined constant sub - assumed 'sub' D:\xampp\htdocs\huifu\Application\Runtime\Cache\Admin\3b413a7ffc5043a6cb35ecf769ae0bb3.php Á¨¨ 108 Ë°å.
NOTIC: [8] Undefined index: sub D:\xampp\htdocs\huifu\Application\Runtime\Cache\Admin\3b413a7ffc5043a6cb35ecf769ae0bb3.php Á¨¨ 108 Ë°å.
NOTIC: [8] Use of undefined constant sub - assumed 'sub' D:\xampp\htdocs\huifu\Application\Runtime\Cache\Admin\3b413a7ffc5043a6cb35ecf769ae0bb3.php Á¨¨ 120 Ë°å.
NOTIC: [8] Undefined index: sub D:\xampp\htdocs\huifu\Application\Runtime\Cache\Admin\3b413a7ffc5043a6cb35ecf769ae0bb3.php Á¨¨ 120 Ë°å.
NOTIC: [8] Use of undefined constant sub - assumed 'sub' D:\xampp\htdocs\huifu\Application\Runtime\Cache\Admin\3b413a7ffc5043a6cb35ecf769ae0bb3.php Á¨¨ 93 Ë°å.
NOTIC: [8] Use of undefined constant sub - assumed 'sub' D:\xampp\htdocs\huifu\Application\Runtime\Cache\Admin\3b413a7ffc5043a6cb35ecf769ae0bb3.php Á¨¨ 105 Ë°å.
NOTIC: [8] Use of undefined constant sub - assumed 'sub' D:\xampp\htdocs\huifu\Application\Runtime\Cache\Admin\3b413a7ffc5043a6cb35ecf769ae0bb3.php Á¨¨ 105 Ë°å.
NOTIC: [8] Use of undefined constant sub - assumed 'sub' D:\xampp\htdocs\huifu\Application\Runtime\Cache\Admin\3b413a7ffc5043a6cb35ecf769ae0bb3.php Á¨¨ 108 Ë°å.
NOTIC: [8] Undefined index: sub D:\xampp\htdocs\huifu\Application\Runtime\Cache\Admin\3b413a7ffc5043a6cb35ecf769ae0bb3.php Á¨¨ 108 Ë°å.
NOTIC: [8] Use of undefined constant sub - assumed 'sub' D:\xampp\htdocs\huifu\Application\Runtime\Cache\Admin\3b413a7ffc5043a6cb35ecf769ae0bb3.php Á¨¨ 120 Ë°å.
NOTIC: [8] Undefined index: sub D:\xampp\htdocs\huifu\Application\Runtime\Cache\Admin\3b413a7ffc5043a6cb35ecf769ae0bb3.php Á¨¨ 120 Ë°å.
NOTIC: [8] Use of undefined constant sub - assumed 'sub' D:\xampp\htdocs\huifu\Application\Runtime\Cache\Admin\3b413a7ffc5043a6cb35ecf769ae0bb3.php Á¨¨ 108 Ë°å.
NOTIC: [8] Undefined index: sub D:\xampp\htdocs\huifu\Application\Runtime\Cache\Admin\3b413a7ffc5043a6cb35ecf769ae0bb3.php Á¨¨ 108 Ë°å.
NOTIC: [8] Use of undefined constant sub - assumed 'sub' D:\xampp\htdocs\huifu\Application\Runtime\Cache\Admin\3b413a7ffc5043a6cb35ecf769ae0bb3.php Á¨¨ 120 Ë°å.
NOTIC: [8] Undefined index: sub D:\xampp\htdocs\huifu\Application\Runtime\Cache\Admin\3b413a7ffc5043a6cb35ecf769ae0bb3.php Á¨¨ 120 Ë°å.
NOTIC: [8] Use of undefined constant sub - assumed 'sub' D:\xampp\htdocs\huifu\Application\Runtime\Cache\Admin\3b413a7ffc5043a6cb35ecf769ae0bb3.php Á¨¨ 108 Ë°å.
NOTIC: [8] Undefined index: sub D:\xampp\htdocs\huifu\Application\Runtime\Cache\Admin\3b413a7ffc5043a6cb35ecf769ae0bb3.php Á¨¨ 108 Ë°å.
NOTIC: [8] Use of undefined constant sub - assumed 'sub' D:\xampp\htdocs\huifu\Application\Runtime\Cache\Admin\3b413a7ffc5043a6cb35ecf769ae0bb3.php Á¨¨ 120 Ë°å.
NOTIC: [8] Undefined index: sub D:\xampp\htdocs\huifu\Application\Runtime\Cache\Admin\3b413a7ffc5043a6cb35ecf769ae0bb3.php Á¨¨ 120 Ë°å.
NOTIC: [8] Use of undefined constant sub - assumed 'sub' D:\xampp\htdocs\huifu\Application\Runtime\Cache\Admin\3b413a7ffc5043a6cb35ecf769ae0bb3.php Á¨¨ 108 Ë°å.
NOTIC: [8] Undefined index: sub D:\xampp\htdocs\huifu\Application\Runtime\Cache\Admin\3b413a7ffc5043a6cb35ecf769ae0bb3.php Á¨¨ 108 Ë°å.
NOTIC: [8] Use of undefined constant sub - assumed 'sub' D:\xampp\htdocs\huifu\Application\Runtime\Cache\Admin\3b413a7ffc5043a6cb35ecf769ae0bb3.php Á¨¨ 120 Ë°å.
NOTIC: [8] Undefined index: sub D:\xampp\htdocs\huifu\Application\Runtime\Cache\Admin\3b413a7ffc5043a6cb35ecf769ae0bb3.php Á¨¨ 120 Ë°å.
NOTIC: [8] Use of undefined constant sub - assumed 'sub' D:\xampp\htdocs\huifu\Application\Runtime\Cache\Admin\3b413a7ffc5043a6cb35ecf769ae0bb3.php Á¨¨ 108 Ë°å.
NOTIC: [8] Undefined index: sub D:\xampp\htdocs\huifu\Application\Runtime\Cache\Admin\3b413a7ffc5043a6cb35ecf769ae0bb3.php Á¨¨ 108 Ë°å.
NOTIC: [8] Use of undefined constant sub - assumed 'sub' D:\xampp\htdocs\huifu\Application\Runtime\Cache\Admin\3b413a7ffc5043a6cb35ecf769ae0bb3.php Á¨¨ 120 Ë°å.
NOTIC: [8] Undefined index: sub D:\xampp\htdocs\huifu\Application\Runtime\Cache\Admin\3b413a7ffc5043a6cb35ecf769ae0bb3.php Á¨¨ 120 Ë°å.
NOTIC: [8] Use of undefined constant sub - assumed 'sub' D:\xampp\htdocs\huifu\Application\Runtime\Cache\Admin\3b413a7ffc5043a6cb35ecf769ae0bb3.php Á¨¨ 108 Ë°å.
NOTIC: [8] Undefined index: sub D:\xampp\htdocs\huifu\Application\Runtime\Cache\Admin\3b413a7ffc5043a6cb35ecf769ae0bb3.php Á¨¨ 108 Ë°å.
NOTIC: [8] Use of undefined constant sub - assumed 'sub' D:\xampp\htdocs\huifu\Application\Runtime\Cache\Admin\3b413a7ffc5043a6cb35ecf769ae0bb3.php Á¨¨ 120 Ë°å.
NOTIC: [8] Undefined index: sub D:\xampp\htdocs\huifu\Application\Runtime\Cache\Admin\3b413a7ffc5043a6cb35ecf769ae0bb3.php Á¨¨ 120 Ë°å.
NOTIC: [8] Use of undefined constant sub - assumed 'sub' D:\xampp\htdocs\huifu\Application\Runtime\Cache\Admin\3b413a7ffc5043a6cb35ecf769ae0bb3.php Á¨¨ 93 Ë°å.
NOTIC: [8] Use of undefined constant sub - assumed 'sub' D:\xampp\htdocs\huifu\Application\Runtime\Cache\Admin\3b413a7ffc5043a6cb35ecf769ae0bb3.php Á¨¨ 105 Ë°å.
NOTIC: [8] Use of undefined constant sub - assumed 'sub' D:\xampp\htdocs\huifu\Application\Runtime\Cache\Admin\3b413a7ffc5043a6cb35ecf769ae0bb3.php Á¨¨ 105 Ë°å.
NOTIC: [8] Use of undefined constant sub - assumed 'sub' D:\xampp\htdocs\huifu\Application\Runtime\Cache\Admin\3b413a7ffc5043a6cb35ecf769ae0bb3.php Á¨¨ 108 Ë°å.
NOTIC: [8] Undefined index: sub D:\xampp\htdocs\huifu\Application\Runtime\Cache\Admin\3b413a7ffc5043a6cb35ecf769ae0bb3.php Á¨¨ 108 Ë°å.
NOTIC: [8] Use of undefined constant sub - assumed 'sub' D:\xampp\htdocs\huifu\Application\Runtime\Cache\Admin\3b413a7ffc5043a6cb35ecf769ae0bb3.php Á¨¨ 120 Ë°å.
NOTIC: [8] Undefined index: sub D:\xampp\htdocs\huifu\Application\Runtime\Cache\Admin\3b413a7ffc5043a6cb35ecf769ae0bb3.php Á¨¨ 120 Ë°å.
NOTIC: [8] Use of undefined constant sub - assumed 'sub' D:\xampp\htdocs\huifu\Application\Runtime\Cache\Admin\3b413a7ffc5043a6cb35ecf769ae0bb3.php Á¨¨ 108 Ë°å.
NOTIC: [8] Undefined index: sub D:\xampp\htdocs\huifu\Application\Runtime\Cache\Admin\3b413a7ffc5043a6cb35ecf769ae0bb3.php Á¨¨ 108 Ë°å.
NOTIC: [8] Use of undefined constant sub - assumed 'sub' D:\xampp\htdocs\huifu\Application\Runtime\Cache\Admin\3b413a7ffc5043a6cb35ecf769ae0bb3.php Á¨¨ 120 Ë°å.
NOTIC: [8] Undefined index: sub D:\xampp\htdocs\huifu\Application\Runtime\Cache\Admin\3b413a7ffc5043a6cb35ecf769ae0bb3.php Á¨¨ 120 Ë°å.
NOTIC: [8] Use of undefined constant sub - assumed 'sub' D:\xampp\htdocs\huifu\Application\Runtime\Cache\Admin\3b413a7ffc5043a6cb35ecf769ae0bb3.php Á¨¨ 93 Ë°å.
NOTIC: [8] Use of undefined constant sub - assumed 'sub' D:\xampp\htdocs\huifu\Application\Runtime\Cache\Admin\3b413a7ffc5043a6cb35ecf769ae0bb3.php Á¨¨ 105 Ë°å.
NOTIC: [8] Use of undefined constant sub - assumed 'sub' D:\xampp\htdocs\huifu\Application\Runtime\Cache\Admin\3b413a7ffc5043a6cb35ecf769ae0bb3.php Á¨¨ 105 Ë°å.
NOTIC: [8] Use of undefined constant sub - assumed 'sub' D:\xampp\htdocs\huifu\Application\Runtime\Cache\Admin\3b413a7ffc5043a6cb35ecf769ae0bb3.php Á¨¨ 108 Ë°å.
NOTIC: [8] Undefined index: sub D:\xampp\htdocs\huifu\Application\Runtime\Cache\Admin\3b413a7ffc5043a6cb35ecf769ae0bb3.php Á¨¨ 108 Ë°å.
NOTIC: [8] Use of undefined constant sub - assumed 'sub' D:\xampp\htdocs\huifu\Application\Runtime\Cache\Admin\3b413a7ffc5043a6cb35ecf769ae0bb3.php Á¨¨ 120 Ë°å.
NOTIC: [8] Undefined index: sub D:\xampp\htdocs\huifu\Application\Runtime\Cache\Admin\3b413a7ffc5043a6cb35ecf769ae0bb3.php Á¨¨ 120 Ë°å.
NOTIC: [8] Use of undefined constant sub - assumed 'sub' D:\xampp\htdocs\huifu\Application\Runtime\Cache\Admin\3b413a7ffc5043a6cb35ecf769ae0bb3.php Á¨¨ 108 Ë°å.
NOTIC: [8] Undefined index: sub D:\xampp\htdocs\huifu\Application\Runtime\Cache\Admin\3b413a7ffc5043a6cb35ecf769ae0bb3.php Á¨¨ 108 Ë°å.
NOTIC: [8] Use of undefined constant sub - assumed 'sub' D:\xampp\htdocs\huifu\Application\Runtime\Cache\Admin\3b413a7ffc5043a6cb35ecf769ae0bb3.php Á¨¨ 120 Ë°å.
NOTIC: [8] Undefined index: sub D:\xampp\htdocs\huifu\Application\Runtime\Cache\Admin\3b413a7ffc5043a6cb35ecf769ae0bb3.php Á¨¨ 120 Ë°å.
NOTIC: [8] Use of undefined constant sub - assumed 'sub' D:\xampp\htdocs\huifu\Application\Runtime\Cache\Admin\3b413a7ffc5043a6cb35ecf769ae0bb3.php Á¨¨ 93 Ë°å.
NOTIC: [8] Use of undefined constant sub - assumed 'sub' D:\xampp\htdocs\huifu\Application\Runtime\Cache\Admin\3b413a7ffc5043a6cb35ecf769ae0bb3.php Á¨¨ 105 Ë°å.
NOTIC: [8] Use of undefined constant sub - assumed 'sub' D:\xampp\htdocs\huifu\Application\Runtime\Cache\Admin\3b413a7ffc5043a6cb35ecf769ae0bb3.php Á¨¨ 105 Ë°å.
NOTIC: [8] Use of undefined constant sub - assumed 'sub' D:\xampp\htdocs\huifu\Application\Runtime\Cache\Admin\3b413a7ffc5043a6cb35ecf769ae0bb3.php Á¨¨ 108 Ë°å.
NOTIC: [8] Undefined index: sub D:\xampp\htdocs\huifu\Application\Runtime\Cache\Admin\3b413a7ffc5043a6cb35ecf769ae0bb3.php Á¨¨ 108 Ë°å.
NOTIC: [8] Use of undefined constant sub - assumed 'sub' D:\xampp\htdocs\huifu\Application\Runtime\Cache\Admin\3b413a7ffc5043a6cb35ecf769ae0bb3.php Á¨¨ 120 Ë°å.
NOTIC: [8] Undefined index: sub D:\xampp\htdocs\huifu\Application\Runtime\Cache\Admin\3b413a7ffc5043a6cb35ecf769ae0bb3.php Á¨¨ 120 Ë°å.
NOTIC: [8] Use of undefined constant sub - assumed 'sub' D:\xampp\htdocs\huifu\Application\Runtime\Cache\Admin\3b413a7ffc5043a6cb35ecf769ae0bb3.php Á¨¨ 108 Ë°å.
NOTIC: [8] Undefined index: sub D:\xampp\htdocs\huifu\Application\Runtime\Cache\Admin\3b413a7ffc5043a6cb35ecf769ae0bb3.php Á¨¨ 108 Ë°å.
NOTIC: [8] Use of undefined constant sub - assumed 'sub' D:\xampp\htdocs\huifu\Application\Runtime\Cache\Admin\3b413a7ffc5043a6cb35ecf769ae0bb3.php Á¨¨ 120 Ë°å.
NOTIC: [8] Undefined index: sub D:\xampp\htdocs\huifu\Application\Runtime\Cache\Admin\3b413a7ffc5043a6cb35ecf769ae0bb3.php Á¨¨ 120 Ë°å.
NOTIC: [8] Use of undefined constant sub - assumed 'sub' D:\xampp\htdocs\huifu\Application\Runtime\Cache\Admin\3b413a7ffc5043a6cb35ecf769ae0bb3.php Á¨¨ 93 Ë°å.
NOTIC: [8] Use of undefined constant sub - assumed 'sub' D:\xampp\htdocs\huifu\Application\Runtime\Cache\Admin\3b413a7ffc5043a6cb35ecf769ae0bb3.php Á¨¨ 105 Ë°å.
NOTIC: [8] Use of undefined constant sub - assumed 'sub' D:\xampp\htdocs\huifu\Application\Runtime\Cache\Admin\3b413a7ffc5043a6cb35ecf769ae0bb3.php Á¨¨ 105 Ë°å.
NOTIC: [8] Use of undefined constant sub - assumed 'sub' D:\xampp\htdocs\huifu\Application\Runtime\Cache\Admin\3b413a7ffc5043a6cb35ecf769ae0bb3.php Á¨¨ 108 Ë°å.
NOTIC: [8] Undefined index: sub D:\xampp\htdocs\huifu\Application\Runtime\Cache\Admin\3b413a7ffc5043a6cb35ecf769ae0bb3.php Á¨¨ 108 Ë°å.
NOTIC: [8] Use of undefined constant sub - assumed 'sub' D:\xampp\htdocs\huifu\Application\Runtime\Cache\Admin\3b413a7ffc5043a6cb35ecf769ae0bb3.php Á¨¨ 120 Ë°å.
NOTIC: [8] Undefined index: sub D:\xampp\htdocs\huifu\Application\Runtime\Cache\Admin\3b413a7ffc5043a6cb35ecf769ae0bb3.php Á¨¨ 120 Ë°å.
NOTIC: [8] Use of undefined constant sub - assumed 'sub' D:\xampp\htdocs\huifu\Application\Runtime\Cache\Admin\3b413a7ffc5043a6cb35ecf769ae0bb3.php Á¨¨ 108 Ë°å.
NOTIC: [8] Undefined index: sub D:\xampp\htdocs\huifu\Application\Runtime\Cache\Admin\3b413a7ffc5043a6cb35ecf769ae0bb3.php Á¨¨ 108 Ë°å.
NOTIC: [8] Use of undefined constant sub - assumed 'sub' D:\xampp\htdocs\huifu\Application\Runtime\Cache\Admin\3b413a7ffc5043a6cb35ecf769ae0bb3.php Á¨¨ 120 Ë°å.
NOTIC: [8] Undefined index: sub D:\xampp\htdocs\huifu\Application\Runtime\Cache\Admin\3b413a7ffc5043a6cb35ecf769ae0bb3.php Á¨¨ 120 Ë°å.
NOTIC: [8] Use of undefined constant sub - assumed 'sub' D:\xampp\htdocs\huifu\Application\Runtime\Cache\Admin\3b413a7ffc5043a6cb35ecf769ae0bb3.php Á¨¨ 93 Ë°å.
NOTIC: [8] Use of undefined constant sub - assumed 'sub' D:\xampp\htdocs\huifu\Application\Runtime\Cache\Admin\3b413a7ffc5043a6cb35ecf769ae0bb3.php Á¨¨ 105 Ë°å.
NOTIC: [8] Use of undefined constant sub - assumed 'sub' D:\xampp\htdocs\huifu\Application\Runtime\Cache\Admin\3b413a7ffc5043a6cb35ecf769ae0bb3.php Á¨¨ 105 Ë°å.
NOTIC: [8] Use of undefined constant sub - assumed 'sub' D:\xampp\htdocs\huifu\Application\Runtime\Cache\Admin\3b413a7ffc5043a6cb35ecf769ae0bb3.php Á¨¨ 108 Ë°å.
NOTIC: [8] Undefined index: sub D:\xampp\htdocs\huifu\Application\Runtime\Cache\Admin\3b413a7ffc5043a6cb35ecf769ae0bb3.php Á¨¨ 108 Ë°å.
NOTIC: [8] Use of undefined constant sub - assumed 'sub' D:\xampp\htdocs\huifu\Application\Runtime\Cache\Admin\3b413a7ffc5043a6cb35ecf769ae0bb3.php Á¨¨ 120 Ë°å.
NOTIC: [8] Undefined index: sub D:\xampp\htdocs\huifu\Application\Runtime\Cache\Admin\3b413a7ffc5043a6cb35ecf769ae0bb3.php Á¨¨ 120 Ë°å.
NOTIC: [8] Use of undefined constant sub - assumed 'sub' D:\xampp\htdocs\huifu\Application\Runtime\Cache\Admin\3b413a7ffc5043a6cb35ecf769ae0bb3.php Á¨¨ 108 Ë°å.
NOTIC: [8] Undefined index: sub D:\xampp\htdocs\huifu\Application\Runtime\Cache\Admin\3b413a7ffc5043a6cb35ecf769ae0bb3.php Á¨¨ 108 Ë°å.
NOTIC: [8] Use of undefined constant sub - assumed 'sub' D:\xampp\htdocs\huifu\Application\Runtime\Cache\Admin\3b413a7ffc5043a6cb35ecf769ae0bb3.php Á¨¨ 120 Ë°å.
NOTIC: [8] Undefined index: sub D:\xampp\htdocs\huifu\Application\Runtime\Cache\Admin\3b413a7ffc5043a6cb35ecf769ae0bb3.php Á¨¨ 120 Ë°å.
NOTIC: [8] Use of undefined constant sub - assumed 'sub' D:\xampp\htdocs\huifu\Application\Runtime\Cache\Admin\3b413a7ffc5043a6cb35ecf769ae0bb3.php Á¨¨ 108 Ë°å.
NOTIC: [8] Undefined index: sub D:\xampp\htdocs\huifu\Application\Runtime\Cache\Admin\3b413a7ffc5043a6cb35ecf769ae0bb3.php Á¨¨ 108 Ë°å.
NOTIC: [8] Use of undefined constant sub - assumed 'sub' D:\xampp\htdocs\huifu\Application\Runtime\Cache\Admin\3b413a7ffc5043a6cb35ecf769ae0bb3.php Á¨¨ 120 Ë°å.
NOTIC: [8] Undefined index: sub D:\xampp\htdocs\huifu\Application\Runtime\Cache\Admin\3b413a7ffc5043a6cb35ecf769ae0bb3.php Á¨¨ 120 Ë°å.
NOTIC: [8] Use of undefined constant sub - assumed 'sub' D:\xampp\htdocs\huifu\Application\Runtime\Cache\Admin\3b413a7ffc5043a6cb35ecf769ae0bb3.php Á¨¨ 93 Ë°å.
NOTIC: [8] Use of undefined constant sub - assumed 'sub' D:\xampp\htdocs\huifu\Application\Runtime\Cache\Admin\3b413a7ffc5043a6cb35ecf769ae0bb3.php Á¨¨ 105 Ë°å.
NOTIC: [8] Use of undefined constant sub - assumed 'sub' D:\xampp\htdocs\huifu\Application\Runtime\Cache\Admin\3b413a7ffc5043a6cb35ecf769ae0bb3.php Á¨¨ 105 Ë°å.
NOTIC: [8] Use of undefined constant sub - assumed 'sub' D:\xampp\htdocs\huifu\Application\Runtime\Cache\Admin\3b413a7ffc5043a6cb35ecf769ae0bb3.php Á¨¨ 108 Ë°å.
NOTIC: [8] Undefined index: sub D:\xampp\htdocs\huifu\Application\Runtime\Cache\Admin\3b413a7ffc5043a6cb35ecf769ae0bb3.php Á¨¨ 108 Ë°å.
NOTIC: [8] Use of undefined constant sub - assumed 'sub' D:\xampp\htdocs\huifu\Application\Runtime\Cache\Admin\3b413a7ffc5043a6cb35ecf769ae0bb3.php Á¨¨ 120 Ë°å.
NOTIC: [8] Undefined index: sub D:\xampp\htdocs\huifu\Application\Runtime\Cache\Admin\3b413a7ffc5043a6cb35ecf769ae0bb3.php Á¨¨ 120 Ë°å.
NOTIC: [8] Use of undefined constant sub - assumed 'sub' D:\xampp\htdocs\huifu\Application\Runtime\Cache\Admin\3b413a7ffc5043a6cb35ecf769ae0bb3.php Á¨¨ 108 Ë°å.
NOTIC: [8] Undefined index: sub D:\xampp\htdocs\huifu\Application\Runtime\Cache\Admin\3b413a7ffc5043a6cb35ecf769ae0bb3.php Á¨¨ 108 Ë°å.
NOTIC: [8] Use of undefined constant sub - assumed 'sub' D:\xampp\htdocs\huifu\Application\Runtime\Cache\Admin\3b413a7ffc5043a6cb35ecf769ae0bb3.php Á¨¨ 120 Ë°å.
NOTIC: [8] Undefined index: sub D:\xampp\htdocs\huifu\Application\Runtime\Cache\Admin\3b413a7ffc5043a6cb35ecf769ae0bb3.php Á¨¨ 120 Ë°å.
NOTIC: [8] Use of undefined constant sub - assumed 'sub' D:\xampp\htdocs\huifu\Application\Runtime\Cache\Admin\3b413a7ffc5043a6cb35ecf769ae0bb3.php Á¨¨ 108 Ë°å.
NOTIC: [8] Undefined index: sub D:\xampp\htdocs\huifu\Application\Runtime\Cache\Admin\3b413a7ffc5043a6cb35ecf769ae0bb3.php Á¨¨ 108 Ë°å.
NOTIC: [8] Use of undefined constant sub - assumed 'sub' D:\xampp\htdocs\huifu\Application\Runtime\Cache\Admin\3b413a7ffc5043a6cb35ecf769ae0bb3.php Á¨¨ 120 Ë°å.
NOTIC: [8] Undefined index: sub D:\xampp\htdocs\huifu\Application\Runtime\Cache\Admin\3b413a7ffc5043a6cb35ecf769ae0bb3.php Á¨¨ 120 Ë°å.
NOTIC: [8] Use of undefined constant sub - assumed 'sub' D:\xampp\htdocs\huifu\Application\Runtime\Cache\Admin\3b413a7ffc5043a6cb35ecf769ae0bb3.php Á¨¨ 93 Ë°å.
NOTIC: [8] Use of undefined constant sub - assumed 'sub' D:\xampp\htdocs\huifu\Application\Runtime\Cache\Admin\3b413a7ffc5043a6cb35ecf769ae0bb3.php Á¨¨ 105 Ë°å.
NOTIC: [8] Use of undefined constant sub - assumed 'sub' D:\xampp\htdocs\huifu\Application\Runtime\Cache\Admin\3b413a7ffc5043a6cb35ecf769ae0bb3.php Á¨¨ 105 Ë°å.
NOTIC: [8] Use of undefined constant sub - assumed 'sub' D:\xampp\htdocs\huifu\Application\Runtime\Cache\Admin\3b413a7ffc5043a6cb35ecf769ae0bb3.php Á¨¨ 108 Ë°å.
NOTIC: [8] Undefined index: sub D:\xampp\htdocs\huifu\Application\Runtime\Cache\Admin\3b413a7ffc5043a6cb35ecf769ae0bb3.php Á¨¨ 108 Ë°å.
NOTIC: [8] Use of undefined constant sub - assumed 'sub' D:\xampp\htdocs\huifu\Application\Runtime\Cache\Admin\3b413a7ffc5043a6cb35ecf769ae0bb3.php Á¨¨ 120 Ë°å.
NOTIC: [8] Undefined index: sub D:\xampp\htdocs\huifu\Application\Runtime\Cache\Admin\3b413a7ffc5043a6cb35ecf769ae0bb3.php Á¨¨ 120 Ë°å.
NOTIC: [8] Use of undefined constant sub - assumed 'sub' D:\xampp\htdocs\huifu\Application\Runtime\Cache\Admin\3b413a7ffc5043a6cb35ecf769ae0bb3.php Á¨¨ 108 Ë°å.
NOTIC: [8] Undefined index: sub D:\xampp\htdocs\huifu\Application\Runtime\Cache\Admin\3b413a7ffc5043a6cb35ecf769ae0bb3.php Á¨¨ 108 Ë°å.
NOTIC: [8] Use of undefined constant sub - assumed 'sub' D:\xampp\htdocs\huifu\Application\Runtime\Cache\Admin\3b413a7ffc5043a6cb35ecf769ae0bb3.php Á¨¨ 120 Ë°å.
NOTIC: [8] Undefined index: sub D:\xampp\htdocs\huifu\Application\Runtime\Cache\Admin\3b413a7ffc5043a6cb35ecf769ae0bb3.php Á¨¨ 120 Ë°å.
NOTIC: [8] Use of undefined constant sub - assumed 'sub' D:\xampp\htdocs\huifu\Application\Runtime\Cache\Admin\3b413a7ffc5043a6cb35ecf769ae0bb3.php Á¨¨ 108 Ë°å.
NOTIC: [8] Undefined index: sub D:\xampp\htdocs\huifu\Application\Runtime\Cache\Admin\3b413a7ffc5043a6cb35ecf769ae0bb3.php Á¨¨ 108 Ë°å.
NOTIC: [8] Use of undefined constant sub - assumed 'sub' D:\xampp\htdocs\huifu\Application\Runtime\Cache\Admin\3b413a7ffc5043a6cb35ecf769ae0bb3.php Á¨¨ 120 Ë°å.
NOTIC: [8] Undefined index: sub D:\xampp\htdocs\huifu\Application\Runtime\Cache\Admin\3b413a7ffc5043a6cb35ecf769ae0bb3.php Á¨¨ 120 Ë°å.
NOTIC: [8] Use of undefined constant sub - assumed 'sub' D:\xampp\htdocs\huifu\Application\Runtime\Cache\Admin\3b413a7ffc5043a6cb35ecf769ae0bb3.php Á¨¨ 93 Ë°å.
NOTIC: [8] Use of undefined constant sub - assumed 'sub' D:\xampp\htdocs\huifu\Application\Runtime\Cache\Admin\3b413a7ffc5043a6cb35ecf769ae0bb3.php Á¨¨ 105 Ë°å.
NOTIC: [8] Use of undefined constant sub - assumed 'sub' D:\xampp\htdocs\huifu\Application\Runtime\Cache\Admin\3b413a7ffc5043a6cb35ecf769ae0bb3.php Á¨¨ 105 Ë°å.
NOTIC: [8] Use of undefined constant sub - assumed 'sub' D:\xampp\htdocs\huifu\Application\Runtime\Cache\Admin\3b413a7ffc5043a6cb35ecf769ae0bb3.php Á¨¨ 108 Ë°å.
NOTIC: [8] Undefined index: sub D:\xampp\htdocs\huifu\Application\Runtime\Cache\Admin\3b413a7ffc5043a6cb35ecf769ae0bb3.php Á¨¨ 108 Ë°å.
NOTIC: [8] Use of undefined constant sub - assumed 'sub' D:\xampp\htdocs\huifu\Application\Runtime\Cache\Admin\3b413a7ffc5043a6cb35ecf769ae0bb3.php Á¨¨ 120 Ë°å.
NOTIC: [8] Undefined index: sub D:\xampp\htdocs\huifu\Application\Runtime\Cache\Admin\3b413a7ffc5043a6cb35ecf769ae0bb3.php Á¨¨ 120 Ë°å.
NOTIC: [8] Undefined variable: page D:\xampp\htdocs\huifu\Application\Runtime\Cache\Admin\3b413a7ffc5043a6cb35ecf769ae0bb3.php Á¨¨ 140 Ë°å.
INFO: Run Behavior\ParseTemplateBehavior [ RunTime:0.224141s ]
INFO: [ view_parse ] --END-- [ RunTime:0.224443s ]
INFO: [ view_filter ] --START--
INFO: Run Behavior\WriteHtmlCacheBehavior [ RunTime:0.047419s ]
INFO: [ view_filter ] --END-- [ RunTime:0.047514s ]
INFO: [ app_end ] --START--
INFO: Run Behavior\ShowPageTraceBehavior [ RunTime:0.002991s ]
INFO: [ app_end ] --END-- [ RunTime:0.003140s ]

[ 2016-03-18T12:13:47+08:00 ] ::1 /huifu/index.php/Admin/Node/index.html
INFO: [ app_init ] --START--
INFO: Run Behavior\BuildLiteBehavior [ RunTime:0.000023s ]
INFO: [ app_init ] --END-- [ RunTime:0.001015s ]
INFO: [ app_begin ] --START--
INFO: Run Behavior\ReadHtmlCacheBehavior [ RunTime:0.001615s ]
INFO: [ app_begin ] --END-- [ RunTime:0.001723s ]
ERR: SQLSTATE[HY000] [1045] Access denied for user 'root'@'localhost' (using password: YES)

[ 2016-03-18T12:13:50+08:00 ] ::1 /huifu/index.php/Admin/Node/index.html
INFO: [ app_init ] --START--
INFO: Run Behavior\BuildLiteBehavior [ RunTime:0.000017s ]
INFO: [ app_init ] --END-- [ RunTime:0.000849s ]
INFO: [ app_begin ] --START--
INFO: Run Behavior\ReadHtmlCacheBehavior [ RunTime:0.001310s ]
INFO: [ app_begin ] --END-- [ RunTime:0.001395s ]
ERR: SQLSTATE[HY000] [1045] Access denied for user 'root'@'localhost' (using password: YES)

[ 2016-03-18T12:17:16+08:00 ] ::1 /huifu/index.php/Admin/Node/index.html
INFO: [ app_init ] --START--
INFO: Run Behavior\BuildLiteBehavior [ RunTime:0.000101s ]
INFO: [ app_init ] --END-- [ RunTime:0.001733s ]
INFO: [ app_begin ] --START--
INFO: Run Behavior\ReadHtmlCacheBehavior [ RunTime:0.001079s ]
INFO: [ app_begin ] --END-- [ RunTime:0.001145s ]
ERR: SQLSTATE[HY000] [1045] Access denied for user 'root'@'localhost' (using password: YES)

[ 2016-03-18T12:19:12+08:00 ] ::1 /huifu/index.php/Admin/Node/index.html
INFO: [ app_init ] --START--
INFO: Run Behavior\BuildLiteBehavior [ RunTime:0.000017s ]
INFO: [ app_init ] --END-- [ RunTime:0.000759s ]
INFO: [ app_begin ] --START--
INFO: Run Behavior\ReadHtmlCacheBehavior [ RunTime:0.001659s ]
INFO: [ app_begin ] --END-- [ RunTime:0.002266s ]
ERR: 1932:Table 'wechat.app_role_node' doesn't exist in engine
 [ SQLËØ≠Âè• ] : SHOW COLUMNS FROM `app_role_node`
ERR: 1932:Table 'wechat.app_role_node' doesn't exist in engine
 [ SQLËØ≠Âè• ] : SHOW COLUMNS FROM `app_role_node`

[ 2016-03-18T12:19:57+08:00 ] ::1 /huifu/index.php/Admin/Index/index.html
INFO: [ app_init ] --START--
INFO: Run Behavior\BuildLiteBehavior [ RunTime:0.000018s ]
INFO: [ app_init ] --END-- [ RunTime:0.000867s ]
INFO: [ app_begin ] --START--
INFO: Run Behavior\ReadHtmlCacheBehavior [ RunTime:0.001007s ]
INFO: [ app_begin ] --END-- [ RunTime:0.001067s ]
ERR: 1932:Table 'wechat.app_role_node' doesn't exist in engine
 [ SQLËØ≠Âè• ] : SHOW COLUMNS FROM `app_role_node`
ERR: 1932:Table 'wechat.app_role_node' doesn't exist in engine
 [ SQLËØ≠Âè• ] : SHOW COLUMNS FROM `app_role_node`

[ 2016-03-18T12:20:01+08:00 ] ::1 /huifu/index.php/Admin/Index/index.html
INFO: [ app_init ] --START--
INFO: Run Behavior\BuildLiteBehavior [ RunTime:0.000019s ]
INFO: [ app_init ] --END-- [ RunTime:0.000945s ]
INFO: [ app_begin ] --START--
INFO: Run Behavior\ReadHtmlCacheBehavior [ RunTime:0.001009s ]
INFO: [ app_begin ] --END-- [ RunTime:0.001105s ]
ERR: 1932:Table 'wechat.app_role_node' doesn't exist in engine
 [ SQLËØ≠Âè• ] : SHOW COLUMNS FROM `app_role_node`
ERR: 1932:Table 'wechat.app_role_node' doesn't exist in engine
 [ SQLËØ≠Âè• ] : SHOW COLUMNS FROM `app_role_node`

[ 2016-03-18T12:22:29+08:00 ] ::1 /huifu/index.php/Admin/Index/index.html
INFO: [ app_init ] --START--
INFO: Run Behavior\BuildLiteBehavior [ RunTime:0.000020s ]
INFO: [ app_init ] --END-- [ RunTime:0.000974s ]
INFO: [ app_begin ] --START--
INFO: Run Behavior\ReadHtmlCacheBehavior [ RunTime:0.001819s ]
INFO: [ app_begin ] --END-- [ RunTime:0.001925s ]
SQL: SHOW COLUMNS FROM `app_role_node` [ RunTime:0.0116s ]
SQL: SELECT DISTINCT  c.id,c.pos,c.title,c.icon,c.module,c.controller,c.action,c.parent_id,c.level,c.display FROM app_role_node a LEFT JOIN app_user b ON a.role_id=b.role_id RIGHT JOIN app_node c ON a.node_id=c.id  WHERE c.status = 1 ORDER BY c.sort  [ RunTime:0.0096s ]
SQL: SHOW COLUMNS FROM `app_node` [ RunTime:0.0127s ]
SQL: SELECT * FROM `app_node` WHERE `controller` = 'Index' AND `action` = 'index' LIMIT 1   [ RunTime:0.0011s ]
SQL: SHOW COLUMNS FROM `app_member` [ RunTime:0.0596s ]
NOTIC: [2] Missing argument 1 for Admin\Model\MemberModel::getMemberList(), called in D:\xampp\htdocs\huifu\Application\Admin\Controller\IndexController.class.php on line 7 and defined D:\xampp\htdocs\huifu\Application\Admin\Model\MemberModel.class.php Á¨¨ 16 Ë°å.
NOTIC: [8] Undefined variable: parent_id D:\xampp\htdocs\huifu\Application\Admin\Model\MemberModel.class.php Á¨¨ 18 Ë°å.
SQL: SELECT COUNT(*) AS tp_count FROM `app_member` WHERE `user_id` = '1' LIMIT 1   [ RunTime:0.0442s ]
SQL: SELECT * FROM `app_member` WHERE `user_id` = '1' ORDER BY create_time desc LIMIT 0,13   [ RunTime:0.0018s ]
SQL: SHOW COLUMNS FROM `app_raise_desc` [ RunTime:0.0449s ]
SQL: SELECT `mid`,sum(money) as money FROM `app_raise_desc` WHERE `mid` IN ('2') GROUP BY mid  [ RunTime:0.0014s ]
INFO: [ view_parse ] --START--
INFO: [ template_filter ] --START--
INFO: Run Behavior\ContentReplaceBehavior [ RunTime:0.000123s ]
INFO: [ template_filter ] --END-- [ RunTime:0.000185s ]
NOTIC: [8] Use of undefined constant sub - assumed 'sub' D:\xampp\htdocs\huifu\Application\Runtime\Cache\Admin\b595b808c2ebeeeb0478ffc30bb4e87a.php Á¨¨ 61 Ë°å.
NOTIC: [8] Use of undefined constant sub - assumed 'sub' D:\xampp\htdocs\huifu\Application\Runtime\Cache\Admin\b595b808c2ebeeeb0478ffc30bb4e87a.php Á¨¨ 61 Ë°å.
NOTIC: [8] Use of undefined constant sub - assumed 'sub' D:\xampp\htdocs\huifu\Application\Runtime\Cache\Admin\b595b808c2ebeeeb0478ffc30bb4e87a.php Á¨¨ 61 Ë°å.
NOTIC: [8] Use of undefined constant sub - assumed 'sub' D:\xampp\htdocs\huifu\Application\Runtime\Cache\Admin\b595b808c2ebeeeb0478ffc30bb4e87a.php Á¨¨ 61 Ë°å.
NOTIC: [8] Use of undefined constant sub - assumed 'sub' D:\xampp\htdocs\huifu\Application\Runtime\Cache\Admin\b595b808c2ebeeeb0478ffc30bb4e87a.php Á¨¨ 61 Ë°å.
NOTIC: [8] Use of undefined constant sub - assumed 'sub' D:\xampp\htdocs\huifu\Application\Runtime\Cache\Admin\b595b808c2ebeeeb0478ffc30bb4e87a.php Á¨¨ 61 Ë°å.
NOTIC: [8] Use of undefined constant sub - assumed 'sub' D:\xampp\htdocs\huifu\Application\Runtime\Cache\Admin\b595b808c2ebeeeb0478ffc30bb4e87a.php Á¨¨ 61 Ë°å.
NOTIC: [8] Use of undefined constant sub - assumed 'sub' D:\xampp\htdocs\huifu\Application\Runtime\Cache\Admin\b595b808c2ebeeeb0478ffc30bb4e87a.php Á¨¨ 61 Ë°å.
NOTIC: [8] Use of undefined constant sub - assumed 'sub' D:\xampp\htdocs\huifu\Application\Runtime\Cache\Admin\b595b808c2ebeeeb0478ffc30bb4e87a.php Á¨¨ 61 Ë°å.
NOTIC: [8] Use of undefined constant sub - assumed 'sub' D:\xampp\htdocs\huifu\Application\Runtime\Cache\Admin\b595b808c2ebeeeb0478ffc30bb4e87a.php Á¨¨ 61 Ë°å.
NOTIC: [8] Use of undefined constant sub - assumed 'sub' D:\xampp\htdocs\huifu\Application\Runtime\Cache\Admin\b595b808c2ebeeeb0478ffc30bb4e87a.php Á¨¨ 61 Ë°å.
NOTIC: [8] Use of undefined constant sub - assumed 'sub' D:\xampp\htdocs\huifu\Application\Runtime\Cache\Admin\b595b808c2ebeeeb0478ffc30bb4e87a.php Á¨¨ 61 Ë°å.
NOTIC: [8] Use of undefined constant sub - assumed 'sub' D:\xampp\htdocs\huifu\Application\Runtime\Cache\Admin\b595b808c2ebeeeb0478ffc30bb4e87a.php Á¨¨ 61 Ë°å.
NOTIC: [8] Use of undefined constant sub - assumed 'sub' D:\xampp\htdocs\huifu\Application\Runtime\Cache\Admin\b595b808c2ebeeeb0478ffc30bb4e87a.php Á¨¨ 61 Ë°å.
NOTIC: [8] Use of undefined constant sub - assumed 'sub' D:\xampp\htdocs\huifu\Application\Runtime\Cache\Admin\b595b808c2ebeeeb0478ffc30bb4e87a.php Á¨¨ 61 Ë°å.
NOTIC: [8] Use of undefined constant sub - assumed 'sub' D:\xampp\htdocs\huifu\Application\Runtime\Cache\Admin\b595b808c2ebeeeb0478ffc30bb4e87a.php Á¨¨ 61 Ë°å.
NOTIC: [8] Use of undefined constant sub - assumed 'sub' D:\xampp\htdocs\huifu\Application\Runtime\Cache\Admin\b595b808c2ebeeeb0478ffc30bb4e87a.php Á¨¨ 61 Ë°å.
NOTIC: [8] Use of undefined constant sub - assumed 'sub' D:\xampp\htdocs\huifu\Application\Runtime\Cache\Admin\b595b808c2ebeeeb0478ffc30bb4e87a.php Á¨¨ 61 Ë°å.
INFO: Run Behavior\ParseTemplateBehavior [ RunTime:0.044846s ]
INFO: [ view_parse ] --END-- [ RunTime:0.044936s ]
INFO: [ view_filter ] --START--
INFO: Run Behavior\WriteHtmlCacheBehavior [ RunTime:0.001308s ]
INFO: [ view_filter ] --END-- [ RunTime:0.001374s ]
INFO: [ app_end ] --START--
INFO: Run Behavior\ShowPageTraceBehavior [ RunTime:0.001389s ]
INFO: [ app_end ] --END-- [ RunTime:0.001469s ]

[ 2016-03-18T12:26:30+08:00 ] ::1 /huifu/index.php/Admin/
INFO: [ app_init ] --START--
INFO: Run Behavior\BuildLiteBehavior [ RunTime:0.000034s ]
INFO: [ app_init ] --END-- [ RunTime:0.025433s ]
INFO: [ app_begin ] --START--
INFO: Run Behavior\ReadHtmlCacheBehavior [ RunTime:0.001492s ]
INFO: [ app_begin ] --END-- [ RunTime:0.001576s ]
NOTIC: [8] Undefined index: user D:\xampp\htdocs\huifu\Application\Admin\Controller\CommonController.class.php Á¨¨ 6 Ë°å.

[ 2016-03-18T12:26:30+08:00 ] ::1 /huifu/index.php/Admin/Public/login.html
INFO: [ app_init ] --START--
INFO: Run Behavior\BuildLiteBehavior [ RunTime:0.000019s ]
INFO: [ app_init ] --END-- [ RunTime:0.001183s ]
INFO: [ app_begin ] --START--
INFO: Run Behavior\ReadHtmlCacheBehavior [ RunTime:0.001124s ]
INFO: [ app_begin ] --END-- [ RunTime:0.001206s ]
INFO: [ view_parse ] --START--
INFO: [ template_filter ] --START--
INFO: Run Behavior\ContentReplaceBehavior [ RunTime:0.004590s ]
INFO: [ template_filter ] --END-- [ RunTime:0.004741s ]
INFO: Run Behavior\ParseTemplateBehavior [ RunTime:0.127599s ]
INFO: [ view_parse ] --END-- [ RunTime:0.127703s ]
INFO: [ view_filter ] --START--
INFO: Run Behavior\WriteHtmlCacheBehavior [ RunTime:0.001660s ]
INFO: [ view_filter ] --END-- [ RunTime:0.001744s ]
INFO: [ app_end ] --START--
INFO: Run Behavior\ShowPageTraceBehavior [ RunTime:0.002206s ]
INFO: [ app_end ] --END-- [ RunTime:0.002285s ]

[ 2016-03-18T12:26:37+08:00 ] ::1 /huifu/index.php/Admin/Public/login.html
INFO: [ app_init ] --START--
INFO: Run Behavior\BuildLiteBehavior [ RunTime:0.000023s ]
INFO: [ app_init ] --END-- [ RunTime:0.000896s ]
INFO: [ app_begin ] --START--
INFO: Run Behavior\ReadHtmlCacheBehavior [ RunTime:0.002341s ]
INFO: [ app_begin ] --END-- [ RunTime:0.002500s ]
ERR: SQLSTATE[HY000] [1045] Access denied for user 'root'@'localhost' (using password: YES)

[ 2016-03-18T12:28:21+08:00 ] ::1 /huifu/index.php/Admin/Public/login.html
INFO: [ app_init ] --START--
INFO: Run Behavior\BuildLiteBehavior [ RunTime:0.000017s ]
INFO: [ app_init ] --END-- [ RunTime:0.000763s ]
INFO: [ app_begin ] --START--
INFO: Run Behavior\ReadHtmlCacheBehavior [ RunTime:0.000881s ]
INFO: [ app_begin ] --END-- [ RunTime:0.000953s ]
ERR: 1932:Table 'wechat.app_user' doesn't exist in engine
 [ SQLËØ≠Âè• ] : SHOW COLUMNS FROM `app_user`
ERR: 1932:Table 'wechat.app_user' doesn't exist in engine
 [ SQLËØ≠Âè• ] : SHOW COLUMNS FROM `app_user`

[ 2016-03-18T13:13:08+08:00 ] ::1 /huifu/index.php/Admin/Public/login.html
INFO: [ app_init ] --START--
INFO: Run Behavior\BuildLiteBehavior [ RunTime:0.000017s ]
INFO: [ app_init ] --END-- [ RunTime:0.001082s ]
INFO: [ app_begin ] --START--
INFO: Run Behavior\ReadHtmlCacheBehavior [ RunTime:0.001597s ]
INFO: [ app_begin ] --END-- [ RunTime:0.001711s ]
ERR: 1932:Table 'wechat.app_user' doesn't exist in engine
 [ SQLËØ≠Âè• ] : SHOW COLUMNS FROM `app_user`
ERR: 1932:Table 'wechat.app_user' doesn't exist in engine
 [ SQLËØ≠Âè• ] : SHOW COLUMNS FROM `app_user`

[ 2016-03-18T16:12:31+08:00 ] ::1 /huifu/index.php/Admin/FinanceOrder/index/sort_time/up.html
INFO: [ app_init ] --START--
INFO: Run Behavior\BuildLiteBehavior [ RunTime:0.000024s ]
INFO: [ app_init ] --END-- [ RunTime:0.007951s ]
INFO: [ app_begin ] --START--
INFO: Run Behavior\ReadHtmlCacheBehavior [ RunTime:0.002385s ]
INFO: [ app_begin ] --END-- [ RunTime:0.002517s ]
SQL: SHOW COLUMNS FROM `app_role_node` [ RunTime:0.0346s ]
SQL: SELECT DISTINCT  c.id,c.pos,c.title,c.icon,c.module,c.controller,c.action,c.parent_id,c.level,c.display FROM app_role_node a LEFT JOIN app_user b ON a.role_id=b.role_id RIGHT JOIN app_node c ON a.node_id=c.id  WHERE c.status = 1 ORDER BY c.sort  [ RunTime:0.0073s ]
SQL: SHOW COLUMNS FROM `app_node` [ RunTime:0.0099s ]
SQL: SELECT * FROM `app_node` WHERE `controller` = 'FinanceOrder' AND `action` = 'index' LIMIT 1   [ RunTime:0.0006s ]
SQL: SHOW COLUMNS FROM `app_finance_order` [ RunTime:0.0137s ]
SQL: SELECT COUNT(*) AS tp_count FROM app_finance_order a JOIN app_finance_goods b ON a.finance_id=b.id  WHERE b.user_id = '1' AND a.id > 0 LIMIT 1   [ RunTime:0.0012s ]
SQL: SELECT a.id,b.goods_name,a.real_name,a.mobile,a.create_time FROM app_finance_order a JOIN app_finance_goods b ON a.finance_id=b.id  WHERE b.user_id = '1' AND a.id > 0 ORDER BY a.create_time LIMIT 0,25   [ RunTime:0.0017s ]
INFO: [ view_parse ] --START--
INFO: [ template_filter ] --START--
INFO: Run Behavior\ContentReplaceBehavior [ RunTime:0.000134s ]
INFO: [ template_filter ] --END-- [ RunTime:0.000213s ]
NOTIC: [8] Use of undefined constant sub - assumed 'sub' D:\Bitnami\apache2\htdocs\huifu\Application\Runtime\Cache\Admin\d4b08c40d01a938e68274388067f91b8.php Á¨¨ 61 Ë°å.
NOTIC: [8] Use of undefined constant sub - assumed 'sub' D:\Bitnami\apache2\htdocs\huifu\Application\Runtime\Cache\Admin\d4b08c40d01a938e68274388067f91b8.php Á¨¨ 61 Ë°å.
NOTIC: [8] Use of undefined constant sub - assumed 'sub' D:\Bitnami\apache2\htdocs\huifu\Application\Runtime\Cache\Admin\d4b08c40d01a938e68274388067f91b8.php Á¨¨ 61 Ë°å.
NOTIC: [8] Use of undefined constant sub - assumed 'sub' D:\Bitnami\apache2\htdocs\huifu\Application\Runtime\Cache\Admin\d4b08c40d01a938e68274388067f91b8.php Á¨¨ 61 Ë°å.
NOTIC: [8] Use of undefined constant sub - assumed 'sub' D:\Bitnami\apache2\htdocs\huifu\Application\Runtime\Cache\Admin\d4b08c40d01a938e68274388067f91b8.php Á¨¨ 61 Ë°å.
NOTIC: [8] Use of undefined constant sub - assumed 'sub' D:\Bitnami\apache2\htdocs\huifu\Application\Runtime\Cache\Admin\d4b08c40d01a938e68274388067f91b8.php Á¨¨ 61 Ë°å.
NOTIC: [8] Use of undefined constant sub - assumed 'sub' D:\Bitnami\apache2\htdocs\huifu\Application\Runtime\Cache\Admin\d4b08c40d01a938e68274388067f91b8.php Á¨¨ 61 Ë°å.
NOTIC: [8] Use of undefined constant sub - assumed 'sub' D:\Bitnami\apache2\htdocs\huifu\Application\Runtime\Cache\Admin\d4b08c40d01a938e68274388067f91b8.php Á¨¨ 61 Ë°å.
NOTIC: [8] Use of undefined constant sub - assumed 'sub' D:\Bitnami\apache2\htdocs\huifu\Application\Runtime\Cache\Admin\d4b08c40d01a938e68274388067f91b8.php Á¨¨ 61 Ë°å.
NOTIC: [8] Use of undefined constant sub - assumed 'sub' D:\Bitnami\apache2\htdocs\huifu\Application\Runtime\Cache\Admin\d4b08c40d01a938e68274388067f91b8.php Á¨¨ 61 Ë°å.
NOTIC: [8] Use of undefined constant sub - assumed 'sub' D:\Bitnami\apache2\htdocs\huifu\Application\Runtime\Cache\Admin\d4b08c40d01a938e68274388067f91b8.php Á¨¨ 61 Ë°å.
NOTIC: [8] Use of undefined constant sub - assumed 'sub' D:\Bitnami\apache2\htdocs\huifu\Application\Runtime\Cache\Admin\d4b08c40d01a938e68274388067f91b8.php Á¨¨ 61 Ë°å.
NOTIC: [8] Use of undefined constant sub - assumed 'sub' D:\Bitnami\apache2\htdocs\huifu\Application\Runtime\Cache\Admin\d4b08c40d01a938e68274388067f91b8.php Á¨¨ 61 Ë°å.
NOTIC: [8] Use of undefined constant sub - assumed 'sub' D:\Bitnami\apache2\htdocs\huifu\Application\Runtime\Cache\Admin\d4b08c40d01a938e68274388067f91b8.php Á¨¨ 61 Ë°å.
NOTIC: [8] Use of undefined constant sub - assumed 'sub' D:\Bitnami\apache2\htdocs\huifu\Application\Runtime\Cache\Admin\d4b08c40d01a938e68274388067f91b8.php Á¨¨ 61 Ë°å.
NOTIC: [8] Use of undefined constant sub - assumed 'sub' D:\Bitnami\apache2\htdocs\huifu\Application\Runtime\Cache\Admin\d4b08c40d01a938e68274388067f91b8.php Á¨¨ 61 Ë°å.
NOTIC: [8] Use of undefined constant sub - assumed 'sub' D:\Bitnami\apache2\htdocs\huifu\Application\Runtime\Cache\Admin\d4b08c40d01a938e68274388067f91b8.php Á¨¨ 61 Ë°å.
NOTIC: [8] Use of undefined constant sub - assumed 'sub' D:\Bitnami\apache2\htdocs\huifu\Application\Runtime\Cache\Admin\d4b08c40d01a938e68274388067f91b8.php Á¨¨ 61 Ë°å.
INFO: Run Behavior\ParseTemplateBehavior [ RunTime:0.089777s ]
INFO: [ view_parse ] --END-- [ RunTime:0.089900s ]
INFO: [ view_filter ] --START--
INFO: Run Behavior\WriteHtmlCacheBehavior [ RunTime:0.005915s ]
INFO: [ view_filter ] --END-- [ RunTime:0.005999s ]
INFO: [ app_end ] --START--
INFO: Run Behavior\ShowPageTraceBehavior [ RunTime:0.002038s ]
INFO: [ app_end ] --END-- [ RunTime:0.002107s ]

[ 2016-03-18T16:22:32+08:00 ] ::1 /huifu/index.php/Admin/Feedback/index.html
INFO: [ app_init ] --START--
INFO: Run Behavior\BuildLiteBehavior [ RunTime:0.000025s ]
INFO: [ app_init ] --END-- [ RunTime:0.001294s ]
INFO: [ app_begin ] --START--
INFO: Run Behavior\ReadHtmlCacheBehavior [ RunTime:0.002094s ]
INFO: [ app_begin ] --END-- [ RunTime:0.002232s ]
SQL: SHOW COLUMNS FROM `app_role_node` [ RunTime:0.0142s ]
SQL: SELECT DISTINCT  c.id,c.pos,c.title,c.icon,c.module,c.controller,c.action,c.parent_id,c.level,c.display FROM app_role_node a LEFT JOIN app_user b ON a.role_id=b.role_id RIGHT JOIN app_node c ON a.node_id=c.id  WHERE c.status = 1 ORDER BY c.sort  [ RunTime:0.0064s ]
SQL: SHOW COLUMNS FROM `app_node` [ RunTime:0.0100s ]
SQL: SELECT * FROM `app_node` WHERE `controller` = 'Feedback' AND `action` = 'index' LIMIT 1   [ RunTime:0.0008s ]
SQL: SHOW COLUMNS FROM `app_feedback` [ RunTime:0.0504s ]
SQL: SELECT COUNT(*) AS tp_count FROM `app_feedback` WHERE `user_id` = '1' LIMIT 1   [ RunTime:0.0009s ]
SQL: SELECT * FROM `app_feedback` WHERE `user_id` = '1' LIMIT 0,15   [ RunTime:0.0009s ]
INFO: [ view_parse ] --START--
INFO: [ template_filter ] --START--
INFO: Run Behavior\ContentReplaceBehavior [ RunTime:0.000159s ]
INFO: [ template_filter ] --END-- [ RunTime:0.000282s ]
NOTIC: [8] Use of undefined constant sub - assumed 'sub' D:\Bitnami\apache2\htdocs\huifu\Application\Runtime\Cache\Admin\2566e54ea6dd914c6853433d49072707.php Á¨¨ 61 Ë°å.
NOTIC: [8] Use of undefined constant sub - assumed 'sub' D:\Bitnami\apache2\htdocs\huifu\Application\Runtime\Cache\Admin\2566e54ea6dd914c6853433d49072707.php Á¨¨ 61 Ë°å.
NOTIC: [8] Use of undefined constant sub - assumed 'sub' D:\Bitnami\apache2\htdocs\huifu\Application\Runtime\Cache\Admin\2566e54ea6dd914c6853433d49072707.php Á¨¨ 61 Ë°å.
NOTIC: [8] Use of undefined constant sub - assumed 'sub' D:\Bitnami\apache2\htdocs\huifu\Application\Runtime\Cache\Admin\2566e54ea6dd914c6853433d49072707.php Á¨¨ 61 Ë°å.
NOTIC: [8] Use of undefined constant sub - assumed 'sub' D:\Bitnami\apache2\htdocs\huifu\Application\Runtime\Cache\Admin\2566e54ea6dd914c6853433d49072707.php Á¨¨ 61 Ë°å.
NOTIC: [8] Use of undefined constant sub - assumed 'sub' D:\Bitnami\apache2\htdocs\huifu\Application\Runtime\Cache\Admin\2566e54ea6dd914c6853433d49072707.php Á¨¨ 61 Ë°å.
NOTIC: [8] Use of undefined constant sub - assumed 'sub' D:\Bitnami\apache2\htdocs\huifu\Application\Runtime\Cache\Admin\2566e54ea6dd914c6853433d49072707.php Á¨¨ 61 Ë°å.
NOTIC: [8] Use of undefined constant sub - assumed 'sub' D:\Bitnami\apache2\htdocs\huifu\Application\Runtime\Cache\Admin\2566e54ea6dd914c6853433d49072707.php Á¨¨ 61 Ë°å.
NOTIC: [8] Use of undefined constant sub - assumed 'sub' D:\Bitnami\apache2\htdocs\huifu\Application\Runtime\Cache\Admin\2566e54ea6dd914c6853433d49072707.php Á¨¨ 61 Ë°å.
NOTIC: [8] Use of undefined constant sub - assumed 'sub' D:\Bitnami\apache2\htdocs\huifu\Application\Runtime\Cache\Admin\2566e54ea6dd914c6853433d49072707.php Á¨¨ 61 Ë°å.
NOTIC: [8] Use of undefined constant sub - assumed 'sub' D:\Bitnami\apache2\htdocs\huifu\Application\Runtime\Cache\Admin\2566e54ea6dd914c6853433d49072707.php Á¨¨ 61 Ë°å.
NOTIC: [8] Use of undefined constant sub - assumed 'sub' D:\Bitnami\apache2\htdocs\huifu\Application\Runtime\Cache\Admin\2566e54ea6dd914c6853433d49072707.php Á¨¨ 61 Ë°å.
NOTIC: [8] Use of undefined constant sub - assumed 'sub' D:\Bitnami\apache2\htdocs\huifu\Application\Runtime\Cache\Admin\2566e54ea6dd914c6853433d49072707.php Á¨¨ 61 Ë°å.
NOTIC: [8] Use of undefined constant sub - assumed 'sub' D:\Bitnami\apache2\htdocs\huifu\Application\Runtime\Cache\Admin\2566e54ea6dd914c6853433d49072707.php Á¨¨ 61 Ë°å.
NOTIC: [8] Use of undefined constant sub - assumed 'sub' D:\Bitnami\apache2\htdocs\huifu\Application\Runtime\Cache\Admin\2566e54ea6dd914c6853433d49072707.php Á¨¨ 61 Ë°å.
NOTIC: [8] Use of undefined constant sub - assumed 'sub' D:\Bitnami\apache2\htdocs\huifu\Application\Runtime\Cache\Admin\2566e54ea6dd914c6853433d49072707.php Á¨¨ 61 Ë°å.
NOTIC: [8] Use of undefined constant sub - assumed 'sub' D:\Bitnami\apache2\htdocs\huifu\Application\Runtime\Cache\Admin\2566e54ea6dd914c6853433d49072707.php Á¨¨ 61 Ë°å.
NOTIC: [8] Use of undefined constant sub - assumed 'sub' D:\Bitnami\apache2\htdocs\huifu\Application\Runtime\Cache\Admin\2566e54ea6dd914c6853433d49072707.php Á¨¨ 61 Ë°å.
INFO: Run Behavior\ParseTemplateBehavior [ RunTime:0.036520s ]
INFO: [ view_parse ] --END-- [ RunTime:0.036590s ]
INFO: [ view_filter ] --START--
INFO: Run Behavior\WriteHtmlCacheBehavior [ RunTime:0.001334s ]
INFO: [ view_filter ] --END-- [ RunTime:0.001390s ]
INFO: [ app_end ] --START--
INFO: Run Behavior\ShowPageTraceBehavior [ RunTime:0.004757s ]
INFO: [ app_end ] --END-- [ RunTime:0.004853s ]

[ 2016-03-18T17:34:46+08:00 ] ::1 /huifu/index.php/Admin/Feedback/index.html
INFO: [ app_init ] --START--
INFO: Run Behavior\BuildLiteBehavior [ RunTime:0.000023s ]
INFO: [ app_init ] --END-- [ RunTime:0.001291s ]
INFO: [ app_begin ] --START--
INFO: Run Behavior\ReadHtmlCacheBehavior [ RunTime:0.002091s ]
INFO: [ app_begin ] --END-- [ RunTime:0.002183s ]
SQL: SHOW COLUMNS FROM `app_role_node` [ RunTime:0.0146s ]
SQL: SELECT DISTINCT  c.id,c.pos,c.title,c.icon,c.module,c.controller,c.action,c.parent_id,c.level,c.display FROM app_role_node a LEFT JOIN app_user b ON a.role_id=b.role_id RIGHT JOIN app_node c ON a.node_id=c.id  WHERE c.status = 1 ORDER BY c.sort  [ RunTime:0.0677s ]
SQL: SHOW COLUMNS FROM `app_node` [ RunTime:0.0617s ]
SQL: SELECT * FROM `app_node` WHERE `controller` = 'Feedback' AND `action` = 'index' LIMIT 1   [ RunTime:0.0008s ]
SQL: SHOW COLUMNS FROM `app_feedback` [ RunTime:0.0119s ]
SQL: SELECT COUNT(*) AS tp_count FROM `app_feedback` WHERE `user_id` = '1' LIMIT 1   [ RunTime:0.0007s ]
SQL: SELECT * FROM `app_feedback` WHERE `user_id` = '1' LIMIT 0,15   [ RunTime:0.0013s ]
INFO: [ view_parse ] --START--
INFO: [ template_filter ] --START--
INFO: Run Behavior\ContentReplaceBehavior [ RunTime:0.000129s ]
INFO: [ template_filter ] --END-- [ RunTime:0.000220s ]
NOTIC: [8] Use of undefined constant sub - assumed 'sub' D:\Bitnami\apache2\htdocs\huifu\Application\Runtime\Cache\Admin\2566e54ea6dd914c6853433d49072707.php Á¨¨ 61 Ë°å.
NOTIC: [8] Use of undefined constant sub - assumed 'sub' D:\Bitnami\apache2\htdocs\huifu\Application\Runtime\Cache\Admin\2566e54ea6dd914c6853433d49072707.php Á¨¨ 61 Ë°å.
NOTIC: [8] Use of undefined constant sub - assumed 'sub' D:\Bitnami\apache2\htdocs\huifu\Application\Runtime\Cache\Admin\2566e54ea6dd914c6853433d49072707.php Á¨¨ 61 Ë°å.
NOTIC: [8] Use of undefined constant sub - assumed 'sub' D:\Bitnami\apache2\htdocs\huifu\Application\Runtime\Cache\Admin\2566e54ea6dd914c6853433d49072707.php Á¨¨ 61 Ë°å.
NOTIC: [8] Use of undefined constant sub - assumed 'sub' D:\Bitnami\apache2\htdocs\huifu\Application\Runtime\Cache\Admin\2566e54ea6dd914c6853433d49072707.php Á¨¨ 61 Ë°å.
NOTIC: [8] Use of undefined constant sub - assumed 'sub' D:\Bitnami\apache2\htdocs\huifu\Application\Runtime\Cache\Admin\2566e54ea6dd914c6853433d49072707.php Á¨¨ 61 Ë°å.
NOTIC: [8] Use of undefined constant sub - assumed 'sub' D:\Bitnami\apache2\htdocs\huifu\Application\Runtime\Cache\Admin\2566e54ea6dd914c6853433d49072707.php Á¨¨ 61 Ë°å.
NOTIC: [8] Use of undefined constant sub - assumed 'sub' D:\Bitnami\apache2\htdocs\huifu\Application\Runtime\Cache\Admin\2566e54ea6dd914c6853433d49072707.php Á¨¨ 61 Ë°å.
NOTIC: [8] Use of undefined constant sub - assumed 'sub' D:\Bitnami\apache2\htdocs\huifu\Application\Runtime\Cache\Admin\2566e54ea6dd914c6853433d49072707.php Á¨¨ 61 Ë°å.
NOTIC: [8] Use of undefined constant sub - assumed 'sub' D:\Bitnami\apache2\htdocs\huifu\Application\Runtime\Cache\Admin\2566e54ea6dd914c6853433d49072707.php Á¨¨ 61 Ë°å.
NOTIC: [8] Use of undefined constant sub - assumed 'sub' D:\Bitnami\apache2\htdocs\huifu\Application\Runtime\Cache\Admin\2566e54ea6dd914c6853433d49072707.php Á¨¨ 61 Ë°å.
NOTIC: [8] Use of undefined constant sub - assumed 'sub' D:\Bitnami\apache2\htdocs\huifu\Application\Runtime\Cache\Admin\2566e54ea6dd914c6853433d49072707.php Á¨¨ 61 Ë°å.
NOTIC: [8] Use of undefined constant sub - assumed 'sub' D:\Bitnami\apache2\htdocs\huifu\Application\Runtime\Cache\Admin\2566e54ea6dd914c6853433d49072707.php Á¨¨ 61 Ë°å.
NOTIC: [8] Use of undefined constant sub - assumed 'sub' D:\Bitnami\apache2\htdocs\huifu\Application\Runtime\Cache\Admin\2566e54ea6dd914c6853433d49072707.php Á¨¨ 61 Ë°å.
NOTIC: [8] Use of undefined constant sub - assumed 'sub' D:\Bitnami\apache2\htdocs\huifu\Application\Runtime\Cache\Admin\2566e54ea6dd914c6853433d49072707.php Á¨¨ 61 Ë°å.
NOTIC: [8] Use of undefined constant sub - assumed 'sub' D:\Bitnami\apache2\htdocs\huifu\Application\Runtime\Cache\Admin\2566e54ea6dd914c6853433d49072707.php Á¨¨ 61 Ë°å.
NOTIC: [8] Use of undefined constant sub - assumed 'sub' D:\Bitnami\apache2\htdocs\huifu\Application\Runtime\Cache\Admin\2566e54ea6dd914c6853433d49072707.php Á¨¨ 61 Ë°å.
NOTIC: [8] Use of undefined constant sub - assumed 'sub' D:\Bitnami\apache2\htdocs\huifu\Application\Runtime\Cache\Admin\2566e54ea6dd914c6853433d49072707.php Á¨¨ 61 Ë°å.
INFO: Run Behavior\ParseTemplateBehavior [ RunTime:0.023715s ]
INFO: [ view_parse ] --END-- [ RunTime:0.023783s ]
INFO: [ view_filter ] --START--
INFO: Run Behavior\WriteHtmlCacheBehavior [ RunTime:0.001548s ]
INFO: [ view_filter ] --END-- [ RunTime:0.001608s ]
INFO: [ app_end ] --START--
INFO: Run Behavior\ShowPageTraceBehavior [ RunTime:0.001773s ]
INFO: [ app_end ] --END-- [ RunTime:0.001838s ]

[ 2016-03-18T17:40:50+08:00 ] ::1 /huifu/index.php/Admin/Feedback/index.html
INFO: [ app_init ] --START--
INFO: Run Behavior\BuildLiteBehavior [ RunTime:0.000019s ]
INFO: [ app_init ] --END-- [ RunTime:0.001048s ]
INFO: [ app_begin ] --START--
INFO: Run Behavior\ReadHtmlCacheBehavior [ RunTime:0.001407s ]
INFO: [ app_begin ] --END-- [ RunTime:0.001489s ]
SQL: SHOW COLUMNS FROM `app_role_node` [ RunTime:0.0104s ]
SQL: SELECT DISTINCT  c.id,c.pos,c.title,c.icon,c.module,c.controller,c.action,c.parent_id,c.level,c.display FROM app_role_node a LEFT JOIN app_user b ON a.role_id=b.role_id RIGHT JOIN app_node c ON a.node_id=c.id  WHERE c.status = 1 ORDER BY c.sort  [ RunTime:0.0048s ]
SQL: SHOW COLUMNS FROM `app_node` [ RunTime:0.0114s ]
SQL: SELECT * FROM `app_node` WHERE `controller` = 'Feedback' AND `action` = 'index' LIMIT 1   [ RunTime:0.0008s ]
SQL: SHOW COLUMNS FROM `app_feedback` [ RunTime:0.0137s ]
SQL: SELECT COUNT(*) AS tp_count FROM `app_feedback` WHERE `user_id` = '1' LIMIT 1   [ RunTime:0.0005s ]
SQL: SELECT * FROM `app_feedback` WHERE `user_id` = '1' LIMIT 0,15   [ RunTime:0.0008s ]
INFO: [ view_parse ] --START--
INFO: [ template_filter ] --START--
INFO: Run Behavior\ContentReplaceBehavior [ RunTime:0.000132s ]
INFO: [ template_filter ] --END-- [ RunTime:0.000232s ]
NOTIC: [8] Use of undefined constant sub - assumed 'sub' D:\Bitnami\apache2\htdocs\huifu\Application\Runtime\Cache\Admin\2566e54ea6dd914c6853433d49072707.php Á¨¨ 61 Ë°å.
NOTIC: [8] Use of undefined constant sub - assumed 'sub' D:\Bitnami\apache2\htdocs\huifu\Application\Runtime\Cache\Admin\2566e54ea6dd914c6853433d49072707.php Á¨¨ 61 Ë°å.
NOTIC: [8] Use of undefined constant sub - assumed 'sub' D:\Bitnami\apache2\htdocs\huifu\Application\Runtime\Cache\Admin\2566e54ea6dd914c6853433d49072707.php Á¨¨ 61 Ë°å.
NOTIC: [8] Use of undefined constant sub - assumed 'sub' D:\Bitnami\apache2\htdocs\huifu\Application\Runtime\Cache\Admin\2566e54ea6dd914c6853433d49072707.php Á¨¨ 61 Ë°å.
NOTIC: [8] Use of undefined constant sub - assumed 'sub' D:\Bitnami\apache2\htdocs\huifu\Application\Runtime\Cache\Admin\2566e54ea6dd914c6853433d49072707.php Á¨¨ 61 Ë°å.
NOTIC: [8] Use of undefined constant sub - assumed 'sub' D:\Bitnami\apache2\htdocs\huifu\Application\Runtime\Cache\Admin\2566e54ea6dd914c6853433d49072707.php Á¨¨ 61 Ë°å.
NOTIC: [8] Use of undefined constant sub - assumed 'sub' D:\Bitnami\apache2\htdocs\huifu\Application\Runtime\Cache\Admin\2566e54ea6dd914c6853433d49072707.php Á¨¨ 61 Ë°å.
NOTIC: [8] Use of undefined constant sub - assumed 'sub' D:\Bitnami\apache2\htdocs\huifu\Application\Runtime\Cache\Admin\2566e54ea6dd914c6853433d49072707.php Á¨¨ 61 Ë°å.
NOTIC: [8] Use of undefined constant sub - assumed 'sub' D:\Bitnami\apache2\htdocs\huifu\Application\Runtime\Cache\Admin\2566e54ea6dd914c6853433d49072707.php Á¨¨ 61 Ë°å.
NOTIC: [8] Use of undefined constant sub - assumed 'sub' D:\Bitnami\apache2\htdocs\huifu\Application\Runtime\Cache\Admin\2566e54ea6dd914c6853433d49072707.php Á¨¨ 61 Ë°å.
NOTIC: [8] Use of undefined constant sub - assumed 'sub' D:\Bitnami\apache2\htdocs\huifu\Application\Runtime\Cache\Admin\2566e54ea6dd914c6853433d49072707.php Á¨¨ 61 Ë°å.
NOTIC: [8] Use of undefined constant sub - assumed 'sub' D:\Bitnami\apache2\htdocs\huifu\Application\Runtime\Cache\Admin\2566e54ea6dd914c6853433d49072707.php Á¨¨ 61 Ë°å.
NOTIC: [8] Use of undefined constant sub - assumed 'sub' D:\Bitnami\apache2\htdocs\huifu\Application\Runtime\Cache\Admin\2566e54ea6dd914c6853433d49072707.php Á¨¨ 61 Ë°å.
NOTIC: [8] Use of undefined constant sub - assumed 'sub' D:\Bitnami\apache2\htdocs\huifu\Application\Runtime\Cache\Admin\2566e54ea6dd914c6853433d49072707.php Á¨¨ 61 Ë°å.
NOTIC: [8] Use of undefined constant sub - assumed 'sub' D:\Bitnami\apache2\htdocs\huifu\Application\Runtime\Cache\Admin\2566e54ea6dd914c6853433d49072707.php Á¨¨ 61 Ë°å.
NOTIC: [8] Use of undefined constant sub - assumed 'sub' D:\Bitnami\apache2\htdocs\huifu\Application\Runtime\Cache\Admin\2566e54ea6dd914c6853433d49072707.php Á¨¨ 61 Ë°å.
NOTIC: [8] Use of undefined constant sub - assumed 'sub' D:\Bitnami\apache2\htdocs\huifu\Application\Runtime\Cache\Admin\2566e54ea6dd914c6853433d49072707.php Á¨¨ 61 Ë°å.
NOTIC: [8] Use of undefined constant sub - assumed 'sub' D:\Bitnami\apache2\htdocs\huifu\Application\Runtime\Cache\Admin\2566e54ea6dd914c6853433d49072707.php Á¨¨ 61 Ë°å.
INFO: Run Behavior\ParseTemplateBehavior [ RunTime:0.020739s ]
INFO: [ view_parse ] --END-- [ RunTime:0.020906s ]
INFO: [ view_filter ] --START--
INFO: Run Behavior\WriteHtmlCacheBehavior [ RunTime:0.001712s ]
INFO: [ view_filter ] --END-- [ RunTime:0.001816s ]
INFO: [ app_end ] --START--
INFO: Run Behavior\ShowPageTraceBehavior [ RunTime:0.001215s ]
INFO: [ app_end ] --END-- [ RunTime:0.001272s ]

[ 2016-03-18T17:46:03+08:00 ] ::1 /huifu/index.php/Admin/Feedback/index.html
INFO: [ app_init ] --START--
INFO: Run Behavior\BuildLiteBehavior [ RunTime:0.000018s ]
INFO: [ app_init ] --END-- [ RunTime:0.000932s ]
INFO: [ app_begin ] --START--
INFO: Run Behavior\ReadHtmlCacheBehavior [ RunTime:0.001587s ]
INFO: [ app_begin ] --END-- [ RunTime:0.001657s ]
SQL: SHOW COLUMNS FROM `app_role_node` [ RunTime:0.0096s ]
SQL: SELECT DISTINCT  c.id,c.pos,c.title,c.icon,c.module,c.controller,c.action,c.parent_id,c.level,c.display FROM app_role_node a LEFT JOIN app_user b ON a.role_id=b.role_id RIGHT JOIN app_node c ON a.node_id=c.id  WHERE c.status = 1 ORDER BY c.sort  [ RunTime:0.0054s ]
SQL: SHOW COLUMNS FROM `app_node` [ RunTime:0.0105s ]
SQL: SELECT * FROM `app_node` WHERE `controller` = 'Feedback' AND `action` = 'index' LIMIT 1   [ RunTime:0.0010s ]
SQL: SHOW COLUMNS FROM `app_feedback` [ RunTime:0.0107s ]
SQL: SELECT COUNT(*) AS tp_count FROM `app_feedback` WHERE `user_id` = '1' LIMIT 1   [ RunTime:0.0007s ]
SQL: SELECT * FROM `app_feedback` WHERE `user_id` = '1' LIMIT 0,15   [ RunTime:0.0010s ]
INFO: [ view_parse ] --START--
INFO: [ template_filter ] --START--
INFO: Run Behavior\ContentReplaceBehavior [ RunTime:0.000136s ]
INFO: [ template_filter ] --END-- [ RunTime:0.000238s ]
NOTIC: [8] Use of undefined constant me - assumed 'me' D:\Bitnami\apache2\htdocs\huifu\Application\Runtime\Cache\Admin\2566e54ea6dd914c6853433d49072707.php Á¨¨ 61 Ë°å.
NOTIC: [8] Use of undefined constant sub - assumed 'sub' D:\Bitnami\apache2\htdocs\huifu\Application\Runtime\Cache\Admin\2566e54ea6dd914c6853433d49072707.php Á¨¨ 61 Ë°å.
NOTIC: [2] Illegal string offset 'sub' D:\Bitnami\apache2\htdocs\huifu\Application\Runtime\Cache\Admin\2566e54ea6dd914c6853433d49072707.php Á¨¨ 61 Ë°å.
NOTIC: [8] Use of undefined constant sub - assumed 'sub' D:\Bitnami\apache2\htdocs\huifu\Application\Runtime\Cache\Admin\2566e54ea6dd914c6853433d49072707.php Á¨¨ 61 Ë°å.
NOTIC: [8] Use of undefined constant sub - assumed 'sub' D:\Bitnami\apache2\htdocs\huifu\Application\Runtime\Cache\Admin\2566e54ea6dd914c6853433d49072707.php Á¨¨ 61 Ë°å.
NOTIC: [8] Use of undefined constant me - assumed 'me' D:\Bitnami\apache2\htdocs\huifu\Application\Runtime\Cache\Admin\2566e54ea6dd914c6853433d49072707.php Á¨¨ 61 Ë°å.
NOTIC: [8] Use of undefined constant sub - assumed 'sub' D:\Bitnami\apache2\htdocs\huifu\Application\Runtime\Cache\Admin\2566e54ea6dd914c6853433d49072707.php Á¨¨ 61 Ë°å.
NOTIC: [2] Illegal string offset 'sub' D:\Bitnami\apache2\htdocs\huifu\Application\Runtime\Cache\Admin\2566e54ea6dd914c6853433d49072707.php Á¨¨ 61 Ë°å.
NOTIC: [8] Use of undefined constant sub - assumed 'sub' D:\Bitnami\apache2\htdocs\huifu\Application\Runtime\Cache\Admin\2566e54ea6dd914c6853433d49072707.php Á¨¨ 61 Ë°å.
NOTIC: [8] Use of undefined constant sub - assumed 'sub' D:\Bitnami\apache2\htdocs\huifu\Application\Runtime\Cache\Admin\2566e54ea6dd914c6853433d49072707.php Á¨¨ 61 Ë°å.
NOTIC: [8] Use of undefined constant me - assumed 'me' D:\Bitnami\apache2\htdocs\huifu\Application\Runtime\Cache\Admin\2566e54ea6dd914c6853433d49072707.php Á¨¨ 61 Ë°å.
NOTIC: [8] Use of undefined constant sub - assumed 'sub' D:\Bitnami\apache2\htdocs\huifu\Application\Runtime\Cache\Admin\2566e54ea6dd914c6853433d49072707.php Á¨¨ 61 Ë°å.
NOTIC: [2] Illegal string offset 'sub' D:\Bitnami\apache2\htdocs\huifu\Application\Runtime\Cache\Admin\2566e54ea6dd914c6853433d49072707.php Á¨¨ 61 Ë°å.
NOTIC: [8] Use of undefined constant sub - assumed 'sub' D:\Bitnami\apache2\htdocs\huifu\Application\Runtime\Cache\Admin\2566e54ea6dd914c6853433d49072707.php Á¨¨ 61 Ë°å.
NOTIC: [8] Use of undefined constant sub - assumed 'sub' D:\Bitnami\apache2\htdocs\huifu\Application\Runtime\Cache\Admin\2566e54ea6dd914c6853433d49072707.php Á¨¨ 61 Ë°å.
NOTIC: [8] Use of undefined constant me - assumed 'me' D:\Bitnami\apache2\htdocs\huifu\Application\Runtime\Cache\Admin\2566e54ea6dd914c6853433d49072707.php Á¨¨ 61 Ë°å.
NOTIC: [8] Use of undefined constant sub - assumed 'sub' D:\Bitnami\apache2\htdocs\huifu\Application\Runtime\Cache\Admin\2566e54ea6dd914c6853433d49072707.php Á¨¨ 61 Ë°å.
NOTIC: [2] Illegal string offset 'sub' D:\Bitnami\apache2\htdocs\huifu\Application\Runtime\Cache\Admin\2566e54ea6dd914c6853433d49072707.php Á¨¨ 61 Ë°å.
NOTIC: [8] Use of undefined constant sub - assumed 'sub' D:\Bitnami\apache2\htdocs\huifu\Application\Runtime\Cache\Admin\2566e54ea6dd914c6853433d49072707.php Á¨¨ 61 Ë°å.
NOTIC: [8] Use of undefined constant sub - assumed 'sub' D:\Bitnami\apache2\htdocs\huifu\Application\Runtime\Cache\Admin\2566e54ea6dd914c6853433d49072707.php Á¨¨ 61 Ë°å.
NOTIC: [8] Use of undefined constant me - assumed 'me' D:\Bitnami\apache2\htdocs\huifu\Application\Runtime\Cache\Admin\2566e54ea6dd914c6853433d49072707.php Á¨¨ 61 Ë°å.
NOTIC: [8] Use of undefined constant sub - assumed 'sub' D:\Bitnami\apache2\htdocs\huifu\Application\Runtime\Cache\Admin\2566e54ea6dd914c6853433d49072707.php Á¨¨ 61 Ë°å.
NOTIC: [2] Illegal string offset 'sub' D:\Bitnami\apache2\htdocs\huifu\Application\Runtime\Cache\Admin\2566e54ea6dd914c6853433d49072707.php Á¨¨ 61 Ë°å.
NOTIC: [8] Use of undefined constant sub - assumed 'sub' D:\Bitnami\apache2\htdocs\huifu\Application\Runtime\Cache\Admin\2566e54ea6dd914c6853433d49072707.php Á¨¨ 61 Ë°å.
NOTIC: [8] Use of undefined constant sub - assumed 'sub' D:\Bitnami\apache2\htdocs\huifu\Application\Runtime\Cache\Admin\2566e54ea6dd914c6853433d49072707.php Á¨¨ 61 Ë°å.
NOTIC: [8] Use of undefined constant me - assumed 'me' D:\Bitnami\apache2\htdocs\huifu\Application\Runtime\Cache\Admin\2566e54ea6dd914c6853433d49072707.php Á¨¨ 61 Ë°å.
NOTIC: [8] Use of undefined constant sub - assumed 'sub' D:\Bitnami\apache2\htdocs\huifu\Application\Runtime\Cache\Admin\2566e54ea6dd914c6853433d49072707.php Á¨¨ 61 Ë°å.
NOTIC: [2] Illegal string offset 'sub' D:\Bitnami\apache2\htdocs\huifu\Application\Runtime\Cache\Admin\2566e54ea6dd914c6853433d49072707.php Á¨¨ 61 Ë°å.
NOTIC: [8] Use of undefined constant sub - assumed 'sub' D:\Bitnami\apache2\htdocs\huifu\Application\Runtime\Cache\Admin\2566e54ea6dd914c6853433d49072707.php Á¨¨ 61 Ë°å.
NOTIC: [8] Use of undefined constant sub - assumed 'sub' D:\Bitnami\apache2\htdocs\huifu\Application\Runtime\Cache\Admin\2566e54ea6dd914c6853433d49072707.php Á¨¨ 61 Ë°å.
NOTIC: [8] Use of undefined constant me - assumed 'me' D:\Bitnami\apache2\htdocs\huifu\Application\Runtime\Cache\Admin\2566e54ea6dd914c6853433d49072707.php Á¨¨ 61 Ë°å.
NOTIC: [8] Use of undefined constant sub - assumed 'sub' D:\Bitnami\apache2\htdocs\huifu\Application\Runtime\Cache\Admin\2566e54ea6dd914c6853433d49072707.php Á¨¨ 61 Ë°å.
NOTIC: [2] Illegal string offset 'sub' D:\Bitnami\apache2\htdocs\huifu\Application\Runtime\Cache\Admin\2566e54ea6dd914c6853433d49072707.php Á¨¨ 61 Ë°å.
NOTIC: [8] Use of undefined constant sub - assumed 'sub' D:\Bitnami\apache2\htdocs\huifu\Application\Runtime\Cache\Admin\2566e54ea6dd914c6853433d49072707.php Á¨¨ 61 Ë°å.
NOTIC: [8] Use of undefined constant sub - assumed 'sub' D:\Bitnami\apache2\htdocs\huifu\Application\Runtime\Cache\Admin\2566e54ea6dd914c6853433d49072707.php Á¨¨ 61 Ë°å.
NOTIC: [8] Use of undefined constant me - assumed 'me' D:\Bitnami\apache2\htdocs\huifu\Application\Runtime\Cache\Admin\2566e54ea6dd914c6853433d49072707.php Á¨¨ 61 Ë°å.
NOTIC: [8] Use of undefined constant sub - assumed 'sub' D:\Bitnami\apache2\htdocs\huifu\Application\Runtime\Cache\Admin\2566e54ea6dd914c6853433d49072707.php Á¨¨ 61 Ë°å.
NOTIC: [2] Illegal string offset 'sub' D:\Bitnami\apache2\htdocs\huifu\Application\Runtime\Cache\Admin\2566e54ea6dd914c6853433d49072707.php Á¨¨ 61 Ë°å.
NOTIC: [8] Use of undefined constant sub - assumed 'sub' D:\Bitnami\apache2\htdocs\huifu\Application\Runtime\Cache\Admin\2566e54ea6dd914c6853433d49072707.php Á¨¨ 61 Ë°å.
NOTIC: [8] Use of undefined constant sub - assumed 'sub' D:\Bitnami\apache2\htdocs\huifu\Application\Runtime\Cache\Admin\2566e54ea6dd914c6853433d49072707.php Á¨¨ 61 Ë°å.
NOTIC: [8] Use of undefined constant me - assumed 'me' D:\Bitnami\apache2\htdocs\huifu\Application\Runtime\Cache\Admin\2566e54ea6dd914c6853433d49072707.php Á¨¨ 61 Ë°å.
NOTIC: [8] Use of undefined constant sub - assumed 'sub' D:\Bitnami\apache2\htdocs\huifu\Application\Runtime\Cache\Admin\2566e54ea6dd914c6853433d49072707.php Á¨¨ 61 Ë°å.
NOTIC: [2] Illegal string offset 'sub' D:\Bitnami\apache2\htdocs\huifu\Application\Runtime\Cache\Admin\2566e54ea6dd914c6853433d49072707.php Á¨¨ 61 Ë°å.
NOTIC: [8] Use of undefined constant sub - assumed 'sub' D:\Bitnami\apache2\htdocs\huifu\Application\Runtime\Cache\Admin\2566e54ea6dd914c6853433d49072707.php Á¨¨ 61 Ë°å.
NOTIC: [8] Use of undefined constant sub - assumed 'sub' D:\Bitnami\apache2\htdocs\huifu\Application\Runtime\Cache\Admin\2566e54ea6dd914c6853433d49072707.php Á¨¨ 61 Ë°å.
INFO: Run Behavior\ParseTemplateBehavior [ RunTime:0.054932s ]
INFO: [ view_parse ] --END-- [ RunTime:0.055021s ]
INFO: [ view_filter ] --START--
INFO: Run Behavior\WriteHtmlCacheBehavior [ RunTime:0.001170s ]
INFO: [ view_filter ] --END-- [ RunTime:0.001219s ]
INFO: [ app_end ] --START--
INFO: Run Behavior\ShowPageTraceBehavior [ RunTime:0.001685s ]
INFO: [ app_end ] --END-- [ RunTime:0.001945s ]

[ 2016-03-18T17:52:14+08:00 ] ::1 /huifu/index.php/Admin/Feedback/index.html
INFO: [ app_init ] --START--
INFO: Run Behavior\BuildLiteBehavior [ RunTime:0.000023s ]
INFO: [ app_init ] --END-- [ RunTime:0.000908s ]
INFO: [ app_begin ] --START--
INFO: Run Behavior\ReadHtmlCacheBehavior [ RunTime:0.001280s ]
INFO: [ app_begin ] --END-- [ RunTime:0.001518s ]
SQL: SHOW COLUMNS FROM `app_role_node` [ RunTime:0.0132s ]
SQL: SELECT DISTINCT  c.id,c.pos,c.title,c.icon,c.module,c.controller,c.action,c.parent_id,c.level,c.display FROM app_role_node a LEFT JOIN app_user b ON a.role_id=b.role_id RIGHT JOIN app_node c ON a.node_id=c.id  WHERE c.status = 1 ORDER BY c.sort  [ RunTime:0.0056s ]
SQL: SHOW COLUMNS FROM `app_node` [ RunTime:0.0115s ]
SQL: SELECT * FROM `app_node` WHERE `controller` = 'Feedback' AND `action` = 'index' LIMIT 1   [ RunTime:0.0008s ]
SQL: SHOW COLUMNS FROM `app_feedback` [ RunTime:0.0124s ]
SQL: SELECT COUNT(*) AS tp_count FROM `app_feedback` WHERE `user_id` = '1' LIMIT 1   [ RunTime:0.0005s ]
SQL: SELECT * FROM `app_feedback` WHERE `user_id` = '1' LIMIT 0,15   [ RunTime:0.0005s ]
INFO: [ view_parse ] --START--
INFO: [ template_filter ] --START--
INFO: Run Behavior\ContentReplaceBehavior [ RunTime:0.000123s ]
INFO: [ template_filter ] --END-- [ RunTime:0.000209s ]
NOTIC: [8] Use of undefined constant me - assumed 'me' D:\Bitnami\apache2\htdocs\huifu\Application\Runtime\Cache\Admin\2566e54ea6dd914c6853433d49072707.php Á¨¨ 61 Ë°å.
NOTIC: [8] Use of undefined constant sub - assumed 'sub' D:\Bitnami\apache2\htdocs\huifu\Application\Runtime\Cache\Admin\2566e54ea6dd914c6853433d49072707.php Á¨¨ 61 Ë°å.
NOTIC: [2] Illegal string offset 'sub' D:\Bitnami\apache2\htdocs\huifu\Application\Runtime\Cache\Admin\2566e54ea6dd914c6853433d49072707.php Á¨¨ 61 Ë°å.
NOTIC: [8] Use of undefined constant sub - assumed 'sub' D:\Bitnami\apache2\htdocs\huifu\Application\Runtime\Cache\Admin\2566e54ea6dd914c6853433d49072707.php Á¨¨ 61 Ë°å.
NOTIC: [8] Use of undefined constant sub - assumed 'sub' D:\Bitnami\apache2\htdocs\huifu\Application\Runtime\Cache\Admin\2566e54ea6dd914c6853433d49072707.php Á¨¨ 61 Ë°å.
NOTIC: [8] Use of undefined constant me - assumed 'me' D:\Bitnami\apache2\htdocs\huifu\Application\Runtime\Cache\Admin\2566e54ea6dd914c6853433d49072707.php Á¨¨ 61 Ë°å.
NOTIC: [8] Use of undefined constant sub - assumed 'sub' D:\Bitnami\apache2\htdocs\huifu\Application\Runtime\Cache\Admin\2566e54ea6dd914c6853433d49072707.php Á¨¨ 61 Ë°å.
NOTIC: [2] Illegal string offset 'sub' D:\Bitnami\apache2\htdocs\huifu\Application\Runtime\Cache\Admin\2566e54ea6dd914c6853433d49072707.php Á¨¨ 61 Ë°å.
NOTIC: [8] Use of undefined constant sub - assumed 'sub' D:\Bitnami\apache2\htdocs\huifu\Application\Runtime\Cache\Admin\2566e54ea6dd914c6853433d49072707.php Á¨¨ 61 Ë°å.
NOTIC: [8] Use of undefined constant sub - assumed 'sub' D:\Bitnami\apache2\htdocs\huifu\Application\Runtime\Cache\Admin\2566e54ea6dd914c6853433d49072707.php Á¨¨ 61 Ë°å.
NOTIC: [8] Use of undefined constant me - assumed 'me' D:\Bitnami\apache2\htdocs\huifu\Application\Runtime\Cache\Admin\2566e54ea6dd914c6853433d49072707.php Á¨¨ 61 Ë°å.
NOTIC: [8] Use of undefined constant sub - assumed 'sub' D:\Bitnami\apache2\htdocs\huifu\Application\Runtime\Cache\Admin\2566e54ea6dd914c6853433d49072707.php Á¨¨ 61 Ë°å.
NOTIC: [2] Illegal string offset 'sub' D:\Bitnami\apache2\htdocs\huifu\Application\Runtime\Cache\Admin\2566e54ea6dd914c6853433d49072707.php Á¨¨ 61 Ë°å.
NOTIC: [8] Use of undefined constant sub - assumed 'sub' D:\Bitnami\apache2\htdocs\huifu\Application\Runtime\Cache\Admin\2566e54ea6dd914c6853433d49072707.php Á¨¨ 61 Ë°å.
NOTIC: [8] Use of undefined constant sub - assumed 'sub' D:\Bitnami\apache2\htdocs\huifu\Application\Runtime\Cache\Admin\2566e54ea6dd914c6853433d49072707.php Á¨¨ 61 Ë°å.
NOTIC: [8] Use of undefined constant me - assumed 'me' D:\Bitnami\apache2\htdocs\huifu\Application\Runtime\Cache\Admin\2566e54ea6dd914c6853433d49072707.php Á¨¨ 61 Ë°å.
NOTIC: [8] Use of undefined constant sub - assumed 'sub' D:\Bitnami\apache2\htdocs\huifu\Application\Runtime\Cache\Admin\2566e54ea6dd914c6853433d49072707.php Á¨¨ 61 Ë°å.
NOTIC: [2] Illegal string offset 'sub' D:\Bitnami\apache2\htdocs\huifu\Application\Runtime\Cache\Admin\2566e54ea6dd914c6853433d49072707.php Á¨¨ 61 Ë°å.
NOTIC: [8] Use of undefined constant sub - assumed 'sub' D:\Bitnami\apache2\htdocs\huifu\Application\Runtime\Cache\Admin\2566e54ea6dd914c6853433d49072707.php Á¨¨ 61 Ë°å.
NOTIC: [8] Use of undefined constant sub - assumed 'sub' D:\Bitnami\apache2\htdocs\huifu\Application\Runtime\Cache\Admin\2566e54ea6dd914c6853433d49072707.php Á¨¨ 61 Ë°å.
NOTIC: [8] Use of undefined constant me - assumed 'me' D:\Bitnami\apache2\htdocs\huifu\Application\Runtime\Cache\Admin\2566e54ea6dd914c6853433d49072707.php Á¨¨ 61 Ë°å.
NOTIC: [8] Use of undefined constant sub - assumed 'sub' D:\Bitnami\apache2\htdocs\huifu\Application\Runtime\Cache\Admin\2566e54ea6dd914c6853433d49072707.php Á¨¨ 61 Ë°å.
NOTIC: [2] Illegal string offset 'sub' D:\Bitnami\apache2\htdocs\huifu\Application\Runtime\Cache\Admin\2566e54ea6dd914c6853433d49072707.php Á¨¨ 61 Ë°å.
NOTIC: [8] Use of undefined constant sub - assumed 'sub' D:\Bitnami\apache2\htdocs\huifu\Application\Runtime\Cache\Admin\2566e54ea6dd914c6853433d49072707.php Á¨¨ 61 Ë°å.
NOTIC: [8] Use of undefined constant sub - assumed 'sub' D:\Bitnami\apache2\htdocs\huifu\Application\Runtime\Cache\Admin\2566e54ea6dd914c6853433d49072707.php Á¨¨ 61 Ë°å.
NOTIC: [8] Use of undefined constant me - assumed 'me' D:\Bitnami\apache2\htdocs\huifu\Application\Runtime\Cache\Admin\2566e54ea6dd914c6853433d49072707.php Á¨¨ 61 Ë°å.
NOTIC: [8] Use of undefined constant sub - assumed 'sub' D:\Bitnami\apache2\htdocs\huifu\Application\Runtime\Cache\Admin\2566e54ea6dd914c6853433d49072707.php Á¨¨ 61 Ë°å.
NOTIC: [2] Illegal string offset 'sub' D:\Bitnami\apache2\htdocs\huifu\Application\Runtime\Cache\Admin\2566e54ea6dd914c6853433d49072707.php Á¨¨ 61 Ë°å.
NOTIC: [8] Use of undefined constant sub - assumed 'sub' D:\Bitnami\apache2\htdocs\huifu\Application\Runtime\Cache\Admin\2566e54ea6dd914c6853433d49072707.php Á¨¨ 61 Ë°å.
NOTIC: [8] Use of undefined constant sub - assumed 'sub' D:\Bitnami\apache2\htdocs\huifu\Application\Runtime\Cache\Admin\2566e54ea6dd914c6853433d49072707.php Á¨¨ 61 Ë°å.
NOTIC: [8] Use of undefined constant me - assumed 'me' D:\Bitnami\apache2\htdocs\huifu\Application\Runtime\Cache\Admin\2566e54ea6dd914c6853433d49072707.php Á¨¨ 61 Ë°å.
NOTIC: [8] Use of undefined constant sub - assumed 'sub' D:\Bitnami\apache2\htdocs\huifu\Application\Runtime\Cache\Admin\2566e54ea6dd914c6853433d49072707.php Á¨¨ 61 Ë°å.
NOTIC: [2] Illegal string offset 'sub' D:\Bitnami\apache2\htdocs\huifu\Application\Runtime\Cache\Admin\2566e54ea6dd914c6853433d49072707.php Á¨¨ 61 Ë°å.
NOTIC: [8] Use of undefined constant sub - assumed 'sub' D:\Bitnami\apache2\htdocs\huifu\Application\Runtime\Cache\Admin\2566e54ea6dd914c6853433d49072707.php Á¨¨ 61 Ë°å.
NOTIC: [8] Use of undefined constant sub - assumed 'sub' D:\Bitnami\apache2\htdocs\huifu\Application\Runtime\Cache\Admin\2566e54ea6dd914c6853433d49072707.php Á¨¨ 61 Ë°å.
NOTIC: [8] Use of undefined constant me - assumed 'me' D:\Bitnami\apache2\htdocs\huifu\Application\Runtime\Cache\Admin\2566e54ea6dd914c6853433d49072707.php Á¨¨ 61 Ë°å.
NOTIC: [8] Use of undefined constant sub - assumed 'sub' D:\Bitnami\apache2\htdocs\huifu\Application\Runtime\Cache\Admin\2566e54ea6dd914c6853433d49072707.php Á¨¨ 61 Ë°å.
NOTIC: [2] Illegal string offset 'sub' D:\Bitnami\apache2\htdocs\huifu\Application\Runtime\Cache\Admin\2566e54ea6dd914c6853433d49072707.php Á¨¨ 61 Ë°å.
NOTIC: [8] Use of undefined constant sub - assumed 'sub' D:\Bitnami\apache2\htdocs\huifu\Application\Runtime\Cache\Admin\2566e54ea6dd914c6853433d49072707.php Á¨¨ 61 Ë°å.
NOTIC: [8] Use of undefined constant sub - assumed 'sub' D:\Bitnami\apache2\htdocs\huifu\Application\Runtime\Cache\Admin\2566e54ea6dd914c6853433d49072707.php Á¨¨ 61 Ë°å.
NOTIC: [8] Use of undefined constant me - assumed 'me' D:\Bitnami\apache2\htdocs\huifu\Application\Runtime\Cache\Admin\2566e54ea6dd914c6853433d49072707.php Á¨¨ 61 Ë°å.
NOTIC: [8] Use of undefined constant sub - assumed 'sub' D:\Bitnami\apache2\htdocs\huifu\Application\Runtime\Cache\Admin\2566e54ea6dd914c6853433d49072707.php Á¨¨ 61 Ë°å.
NOTIC: [2] Illegal string offset 'sub' D:\Bitnami\apache2\htdocs\huifu\Application\Runtime\Cache\Admin\2566e54ea6dd914c6853433d49072707.php Á¨¨ 61 Ë°å.
NOTIC: [8] Use of undefined constant sub - assumed 'sub' D:\Bitnami\apache2\htdocs\huifu\Application\Runtime\Cache\Admin\2566e54ea6dd914c6853433d49072707.php Á¨¨ 61 Ë°å.
NOTIC: [8] Use of undefined constant sub - assumed 'sub' D:\Bitnami\apache2\htdocs\huifu\Application\Runtime\Cache\Admin\2566e54ea6dd914c6853433d49072707.php Á¨¨ 61 Ë°å.
INFO: Run Behavior\ParseTemplateBehavior [ RunTime:0.020501s ]
INFO: [ view_parse ] --END-- [ RunTime:0.020564s ]
INFO: [ view_filter ] --START--
INFO: Run Behavior\WriteHtmlCacheBehavior [ RunTime:0.001934s ]
INFO: [ view_filter ] --END-- [ RunTime:0.002023s ]
INFO: [ app_end ] --START--
INFO: Run Behavior\ShowPageTraceBehavior [ RunTime:0.001434s ]
INFO: [ app_end ] --END-- [ RunTime:0.001501s ]

